1338220400|Ross|M|GIBSY/gibsy/blog.py|F88E86
1338220630|Ross|M|GIBSY/gibsy/blog.py|F88E86
1338221910|Ross|M|GIBSY/gibsy/utilities.py|F88E86
1338243322|Chris|M|bingehack/Makefile|0A771D
1338243375|Chris|M|bingehack/src/files.c|0A771D
1338243420|Chris|M|bingehack/src/invent.c|0A771D
1338317099|Ralph|M|fedmsg/fedmsg-config.py|2B666E
1338317099|Ralph|M|fedmsg/fedmsg/core.py|2B666E
1338317287|Ralph|M|fedmsg/fedmsg/core.py|2B666E
1338317287|Ralph|M|fedmsg/fedmsg/json.py|2B666E
1338317287|Ralph|M|fedmsg/setup.py|2B666E
1338319067|Ralph|M|fedmsg/setup.py|2B666E
1338492821|Ross|M|helix.ly/helixly.py|9C170D
1338823261|Ralph|M|fedmsg/doc/proposal.rst|2B666E
1338823261|Ralph|M|fedmsg/fedmsg-config.py|2B666E
1338823261|Ralph|M|fedmsg/fedmsg/commands/ircbot.py|2B666E
1338823261|Ralph|M|fedmsg/fedmsg/commands/relay.py|2B666E
1338823261|Ralph|M|fedmsg/fedmsg/core.py|2B666E
1338823755|Ralph|D|fedmsg/fedmsg.spec|2B666E
1338823755|Ralph|M|fedmsg/setup.py|2B666E
1338833772|Ralph|M|fedmsg/doc/proposal.rst|2B666E
1338837472|Ralph|M|fedmsg/doc/proposal.rst|2B666E
1338838888|Ralph|M|fedmsg/fedmsg/commands/hub.py|2B666E
1338839146|Ralph|M|fedmsg/fedmsg/commands/hub.py|2B666E
1338844140|Ralph|A|fedmsg/fedmsg/tests/__init__.py|2B666E
1338844140|Ralph|A|fedmsg/fedmsg/tests/fedmsg-test-config.py|2B666E
1338844140|Ralph|A|fedmsg/fedmsg/tests/test_hub.py|2B666E
1338844140|Ralph|M|fedmsg/setup.py|2B666E
1338853743|Ross|A|fedmsg/fedmsg/consumers/badge.py|2B666E
1338853743|Ross|A|fedmsg/fedmsg/consumers/model.py|2B666E
1338855554|Ross|M|fedmsg/fedmsg/consumers/badge.py|2B666E
1338903167|Ralph|M|fedmsg/doc/proposal.rst|2B666E
1338903236|Ralph|M|fedmsg/fedmsg/tests/test_hub.py|2B666E
1338903311|Ralph|M|fedmsg/fedmsg/tests/test_hub.py|2B666E
1338903924|Ralph|M|fedmsg/fedmsg/core.py|2B666E
1338926068|Ross|M|fedmsg/fedmsg/consumers/badge.py|2B666E
1338926068|Ross|M|fedmsg/fedmsg/consumers/model.py|2B666E
1338927263|Ross|M|fedmsg/fedmsg/consumers/badge.py|2B666E
1338990594|Ross|M|fedmsg/fedmsg/consumers/badge.py|2B666E
1338990613|Ross|A|fedmsg/fedmsg/consumers/ExampleBadge.py|2B666E
1338990921|Ross|A|fedmsg/fedmsg/commands/badges.py|2B666E
1338992399|Ross|M|fedmsg/fedmsg-config.py|2B666E
1338993005|Ross|M|fedmsg/fedmsg/consumers/badge.py|2B666E
1338993931|Ralph|M|fedmsg/fedmsg/core.py|2B666E
1338993931|Ralph|M|fedmsg/fedmsg/producers/heartbeat.py|2B666E
1338993931|Ralph|M|fedmsg/fedmsg/tests/fedmsg-test-config.py|2B666E
1338993931|Ralph|M|fedmsg/fedmsg/tests/test_hub.py|2B666E
1338994054|Ralph|A|fedmsg/.travis.yml|2B666E
1338995683|Ross|M|fedmsg/fedmsg/consumers/ExampleBadge.py|2B666E
1338995683|Ross|M|fedmsg/fedmsg/consumers/badge.py|2B666E
1338995899|Ross|M|fedmsg/fedmsg/consumers/badge.py|2B666E
1338996436|Ralph|M|fedmsg/fedmsg/tests/fedmsg-test-config.py|2B666E
1338996436|Ralph|A|fedmsg/setup.cfg|2B666E
1338996436|Ralph|M|fedmsg/setup.py|2B666E
1338996763|Ross|M|fedmsg/fedmsg/consumers/badge.py|2B666E
1338997311|Ross|M|fedmsg/fedmsg-config.py|2B666E
1338997311|Ross|M|fedmsg/setup.py|2B666E
1339002596|Ralph|M|fedmsg/fedmsg/core.py|2B666E
1339002596|Ralph|M|fedmsg/setup.py|2B666E
1339005021|Ralph|M|fedmsg/fedmsg/tests/fedmsg-test-config.py|2B666E
1339005021|Ralph|M|fedmsg/fedmsg/tests/test_hub.py|2B666E
1339006752|Ralph|A|fedmsg/fedmsg/consumers/dummy.py|2B666E
1339006752|Ralph|M|fedmsg/setup.py|2B666E
1339007746|Ross|M|fedmsg/fedmsg/commands/badges.py|2B666E
1339007746|Ross|M|fedmsg/fedmsg/consumers/ExampleBadge.py|2B666E
1339007746|Ross|M|fedmsg/fedmsg/consumers/badge.py|2B666E
1339008216|Ross|M|fedmsg/fedmsg/consumers/badge.py|2B666E
1339008780|Ralph|M|fedmsg/fedmsg/core.py|2B666E
1339009552|Ralph|M|fedmsg/.travis.yml|2B666E
1339010770|Ross|M|fedmsg/fedmsg/consumers/ExampleBadge.py|2B666E
1339010770|Ross|D|fedmsg/fedmsg/consumers/badge.py|2B666E
1339010770|Ross|A|fedmsg/fedmsg/consumers/badges/__init__.py|2B666E
1339010770|Ross|A|fedmsg/fedmsg/consumers/badges/model.py|2B666E
1339010770|Ross|D|fedmsg/fedmsg/consumers/model.py|2B666E
1339010770|Ross|M|fedmsg/setup.py|2B666E
1339013080|Ross|M|fedmsg/fedmsg/consumers/badges/__init__.py|2B666E
1339013080|Ross|A|fedmsg/fedmsg/consumers/badges/dbapi.py|2B666E
1339018797|Ross|M|tahrir/tahrir/model.py|DCF383
1339031805|Ralph|M|fedmsg/setup.py|2B666E
1339085492|Ross|M|tahrir/tahrir/model.py|DCF383
1339085492|Ross|M|tahrir/tahrir/templates/index.mak|DCF383
1339085649|Ross|M|tahrir/tahrir/templates/index.mak|DCF383
1339094120|Ralph|D|fedmsg/fedmsg-config.py|2B666E
1339094120|Ralph|A|fedmsg/fedmsg.d/core-config.py|2B666E
1339094120|Ralph|M|fedmsg/fedmsg/config.py|2B666E
1339094432|Ralph|A|fedmsg/fedmsg.d/base.py|2B666E
1339094432|Ralph|D|fedmsg/fedmsg.d/core-config.py|2B666E
1339094432|Ralph|A|fedmsg/fedmsg.d/endpoints.py|2B666E
1339094432|Ralph|A|fedmsg/fedmsg.d/ircbot.py|2B666E
1339096262|Ralph|M|fedmsg/setup.py|2B666E
1339096439|Ralph|M|fedmsg/MANIFEST.in|2B666E
1339097935|Ross|M|fedmsg/fedmsg/consumers/badges/__init__.py|2B666E
1339100410|Ross|M|fedmsg/fedmsg.d/badges-global.py|2B666E
1339101929|Ross|M|tahrir/tahrir/model.py|DCF383
1339102336|Ross|M|fedmsg/fedmsg/consumers/badges/__init__.py|2B666E
1339102513|Ross|M|fedmsg/fedmsg/consumers/badges/model.py|2B666E
1339105852|Ross|M|fedmsg/fedmsg/consumers/ExampleBadge.py|2B666E
1339116558|Ross|M|fedmsg/fedmsg/consumers/badges/__init__.py|2B666E
1339116558|Ross|M|fedmsg/fedmsg/consumers/badges/dbapi.py|2B666E
1339116870|Ross|M|tahrir/tahrir/model.py|DCF383
1339167552|Ross|M|fedmsg/fedmsg/consumers/badges/dbapi.py|2B666E
1339169263|Ross|M|fedmsg/fedmsg/consumers/badges/__init__.py|2B666E
1339170159|Ross|M|fedmsg/fedmsg/consumers/ExampleBadge.py|2B666E
1339170455|Ross|M|fedmsg/fedmsg/consumers/badges/model.py|2B666E
1339181394|Ralph|M|fedmsg/fedmsg.d/endpoints.py|2B666E
1339183793|Ralph|M|fedmsg/fedmsg/core.py|2B666E
1339183822|Ross|A|fedmsg/doc/Fedbadges.rst|2B666E
1339249290|Ralph|M|fedmsg/fedmsg/commands/status.py|2B666E
1339249290|Ralph|M|fedmsg/fedmsg/core.py|2B666E
1339251499|Ross|M|fedmsg/doc/Fedbadges.rst|2B666E
1339251690|Ross|M|fedmsg/doc/Fedbadges.rst|2B666E
1339252131|Ralph|M|fedmsg/fedmsg/commands/__init__.py|2B666E
1339252131|Ralph|M|fedmsg/fedmsg/commands/hub.py|2B666E
1339252131|Ralph|M|fedmsg/fedmsg/commands/ircbot.py|2B666E
1339252131|Ralph|M|fedmsg/fedmsg/commands/logger.py|2B666E
1339252131|Ralph|M|fedmsg/fedmsg/commands/relay.py|2B666E
1339252131|Ralph|M|fedmsg/fedmsg/commands/status.py|2B666E
1339252131|Ralph|M|fedmsg/fedmsg/commands/tail.py|2B666E
1339252131|Ralph|M|fedmsg/setup.py|2B666E
1339252525|Ralph|M|fedmsg/MANIFEST.in|2B666E
1339252525|Ralph|A|fedmsg/init.d/fedmsg-hub.init|2B666E
1339252525|Ralph|A|fedmsg/init.d/fedmsg-irc.init|2B666E
1339252525|Ralph|A|fedmsg/init.d/fedmsg-relay.init|2B666E
1339252828|Ralph|M|fedmsg/doc/proposal.rst|2B666E
1339252828|Ralph|M|fedmsg/fedmsg/__init__.py|2B666E
1339252828|Ralph|M|fedmsg/fedmsg/commands/hub.py|2B666E
1339252828|Ralph|M|fedmsg/fedmsg/commands/logger.py|2B666E
1339252828|Ralph|M|fedmsg/fedmsg/core.py|2B666E
1339252828|Ralph|M|fedmsg/fedmsg/producers/heartbeat.py|2B666E
1339252828|Ralph|M|fedmsg/fedmsg/tests/test_hub.py|2B666E
1339260266|Remy|M|fedmsg/doc/Fedbadges.rst|2B666E
1339261357|Remy|M|fedmsg/doc/Fedbadges.rst|2B666E
1339301247|Ralph|M|fedmsg/MANIFEST.in|2B666E
1339304989|Ralph|M|fedmsg/fedmsg/config.py|2B666E
1339305014|Ralph|M|fedmsg/init.d/fedmsg-relay.init|2B666E
1339305048|Ralph|M|fedmsg/setup.py|2B666E
1339305072|Ralph|M|fedmsg/setup.py|2B666E
1339429190|Ross|A|tahrir-api/setup.py|BFE626
1339429190|Ross|A|tahrir-api/tahrir-api/__init__.py|BFE626
1339429190|Ross|A|tahrir-api/tahrir-api/dbapi.py|BFE626
1339429190|Ross|A|tahrir-api/tahrir-api/model.py|BFE626
1339429552|Ross|A|tahrir-api/.gitignore|BFE626
1339429552|Ross|A|tahrir-api/README.md|BFE626
1339429897|Ross|M|tahrir-api/setup.py|BFE626
1339429897|Ross|D|tahrir-api/tahrir-api/__init__.py|BFE626
1339429897|Ross|D|tahrir-api/tahrir-api/dbapi.py|BFE626
1339429897|Ross|D|tahrir-api/tahrir-api/model.py|BFE626
1339429897|Ross|A|tahrir-api/tahrir_api/__init__.py|BFE626
1339429897|Ross|A|tahrir-api/tahrir_api/dbapi.py|BFE626
1339429897|Ross|A|tahrir-api/tahrir_api/model.py|BFE626
1339429959|Ross|A|tahrir-api/README.rst|BFE626
1339431267|Ross|D|tahrir-api/README.md|BFE626
1339431267|Ross|M|tahrir-api/README.rst|BFE626
1339433561|Nathaniel|M|monroe-elections/election.py|348A43
1339433600|Nathaniel|M|monroe-elections/election.py|348A43
1339433705|Nathaniel|M|monroe-elections/election.py|348A43
1339433732|Nathaniel|M|monroe-elections/election.py|348A43
1339433779|Nathaniel|M|monroe-elections/gitsupport.py|348A43
1339434108|Nathaniel|M|monroe-elections/election.py|348A43
1339434828|Nathaniel|M|monroe-elections/election.py|348A43
1339434861|Nathaniel|M|monroe-elections/view.py|348A43
1339436148|Ross|A|tahrir-api/LICENSE|BFE626
1339436148|Ross|A|tahrir-api/MANIFEST.in|BFE626
1339436218|Ross|M|tahrir-api/setup.py|BFE626
1339437835|Ross|M|tahrir-api/setup.py|BFE626
1339439876|Ross|M|fedmsg/setup.py|2B666E
1339439966|Ross|M|fedmsg/fedmsg/commands/badges.py|2B666E
1339440155|Ross|M|fedmsg/fedmsg/consumers/badges/__init__.py|2B666E
1339440155|Ross|D|fedmsg/fedmsg/consumers/badges/dbapi.py|2B666E
1339440155|Ross|D|fedmsg/fedmsg/consumers/badges/model.py|2B666E
1339440206|Ross|M|fedmsg/setup.py|2B666E
1339440723|Ralph|M|fedmsg/fedmsg/commands/__init__.py|2B666E
1339440895|Nathaniel|M|monroe-elections/js/election.js|348A43
1339442151|Ross|M|tahrir/setup.py|DCF383
1339442432|Ross|A|tahrir-api/tahrir_api/query_model.py|BFE626
1339442848|Ross|M|tahrir/tahrir/__init__.py|DCF383
1339442848|Ross|M|tahrir/tahrir/app.py|DCF383
1339442848|Ross|M|tahrir/tahrir/scripts/initializedb.py|DCF383
1339442848|Ross|M|tahrir/tahrir/views.py|DCF383
1339442848|Ross|M|tahrir/tahrir/widgets.py|DCF383
1339443475|Ross|M|tahrir/setup.py|DCF383
1339444255|Ross|M|tahrir-api/setup.py|BFE626
1339444402|Ralph|M|fedmsg/fedmsg/commands/ircbot.py|2B666E
1339444402|Ralph|M|fedmsg/fedmsg/commands/relay.py|2B666E
1339444402|Ralph|M|fedmsg/setup.py|2B666E
1339444702|Ralph|M|fedmsg/setup.py|2B666E
1339444889|Ross|A|tahrir-api/tahrir_api/scripts/initializedb.py|BFE626
1339445053|Ross|M|tahrir-api/setup.py|BFE626
1339445053|Ross|A|tahrir-api/tahrir_api/scripts/__init__.py|BFE626
1339445360|Ross|M|tahrir-api/setup.py|BFE626
1339447195|Ross|M|tahrir-api/setup.py|BFE626
1339447195|Ross|M|tahrir-api/tahrir_api/scripts/initializedb.py|BFE626
1339447813|Ross|M|tahrir-api/setup.py|BFE626
1339448867|Ross|M|tahrir/setup.py|F0F0F0
1339448951|Ross|M|fedmsg/setup.py|2B666E
1339466039|Ross|A|misc/README.rst|BA4EC9
1339466039|Ross|A|misc/bin/static_serv.py|BA4EC9
1339466131|Ross|M|misc/README.rst|BA4EC9
1339514878|Ross|A|fedmsg/doc/AddBadges.rst|2B666E
1339515856|Ross|M|fedmsg/doc/AddBadges.rst|2B666E
1339516537|Ross|M|fedmsg/doc/AddBadges.rst|2B666E
1339519610|Remy|M|fedmsg/doc/AddBadges.rst|2B666E
1339527763|Ross|M|fedmsg/doc/AddBadges.rst|2B666E
1339528121|Ross|M|fedmsg/doc/AddBadges.rst|2B666E
1339531204|Ross|A|Fedbadges-quickstart/quickstart.py|4EBAC9
1339531865|Ross|A|Fedbadges-quickstart/README.rst|4EBAC9
1339532599|Ross|M|Fedbadges-quickstart/quickstart.py|4EBAC9
1339532826|Ross|M|Fedbadges-quickstart/quickstart.py|4EBAC9
1339556181|Ralph|M|fedmsg/extras/mediawiki/fedmsg-mediawiki-emit.php|2B666E
1339561546|Ralph|A|fedmsg/extras/mediawiki/fedmsg-emit.php|2B666E
1339561546|Ralph|D|fedmsg/extras/mediawiki/fedmsg-mediawiki-emit.php|2B666E
1339598120|Ross|D|Fedbadges-quickstart/quickstart.py|4EBAC9
1339598120|Ross|A|Fedbadges-quickstart/quickstart.sh|4EBAC9
1339598625|Ross|M|Fedbadges-quickstart/quickstart.sh|4EBAC9
1339599497|Ross|M|Fedbadges-quickstart/quickstart.sh|4EBAC9
1339601946|Ross|M|Fedbadges-quickstart/quickstart.sh|4EBAC9
1339602247|Ross|M|Fedbadges-quickstart/quickstart.sh|4EBAC9
1339605091|Ralph|M|Fedbadges-quickstart/README.rst|4EBAC9
1339608641|Ralph|M|fedmsg/fedmsg/consumers/ircbot.py|2B666E
1339618246|Nathaniel|A|groovebot/PandApi.py|F03728
1339618246|Nathaniel|A|groovebot/PandBot.py|F03728
1339620866|Nathaniel|M|groovebot/PandApi.py|F03728
1339620866|Nathaniel|M|groovebot/PandBot.py|F03728
1339620894|Nathaniel|M|groovebot/VolBot.py|F03728
1339620894|Nathaniel|M|groovebot/util.py|F03728
1339688024|Ralph|M|fedmsg/doc/proposal.rst|2B666E
1339688024|Ralph|A|fedmsg/doc/status.rst|2B666E
1339688353|Ralph|M|fedmsg/doc/status.rst|2B666E
1339689065|Ralph|M|fedmsg/extras/git-hooks/post-receive|2B666E
1339690376|Ralph|M|fedmsg/extras/git-hooks/post-receive|2B666E
1339690908|Nathaniel|M|groovebot/PandBot.py|F03728
1339691006|Ralph|M|fedmsg/doc/status.rst|2B666E
1339691556|Nathaniel|M|groovebot/PandBot.py|F03728
1339691920|Chris|A|CSH-Achievements-Browser/.gitignore|F08828
1339692602|Nathaniel|M|groovebot/PandApi.py|F03728
1339692624|Nathaniel|M|groovebot/PandBot.py|F03728
1339693269|Ralph|M|fedmsg/extras/git-hooks/post-receive|2B666E
1339694887|Ross|M|tahrir-api/setup.py|BFE626
1339694887|Ross|A|tahrir-api/tests/__init__.py|BFE626
1339694887|Ross|A|tahrir-api/tests/test_db_init.py|BFE626
1339697906|Chris|M|CSH-Achievements-Browser/db_connect.php|F08828
1339697906|Chris|M|CSH-Achievements-Browser/db_game_connect.php|F08828
1339697906|Chris|M|CSH-Achievements-Browser/db_queries.php|F08828
1339697906|Chris|M|CSH-Achievements-Browser/game_achievements.php|F08828
1339697906|Chris|M|CSH-Achievements-Browser/index.php|F08828
1339697906|Chris|M|CSH-Achievements-Browser/template.php|F08828
1339697906|Chris|M|CSH-Achievements-Browser/users.php|F08828
1339698203|Chris|M|CSH-Achievements-Browser/db_connect.php|F08828
1339698330|Chris|M|CSH-Achievements-Browser/stats.php|F08828
1339698406|Nathaniel|M|monroe-elections/js/election.js|348A43
1339699040|Nathaniel|M|monroe-elections/.gitmodules|348A43
1339699040|Nathaniel|M|monroe-elections/data-submodule|348A43
1339699040|Nathaniel|M|monroe-elections/view.py|348A43
1339705585|Ross|M|tahrir-api/tests/test_db_init.py|BFE626
1339705689|Ross|D|tahrir-api/tests/test_db_init.py|BFE626
1339705689|Ross|A|tahrir-api/tests/test_dbai.py|BFE626
1339739859|Chris|M|CSH-Achievements-Browser/db_game_connect.php|F08828
1339739859|Chris|M|CSH-Achievements-Browser/game_page.php|F08828
1339739859|Chris|M|CSH-Achievements-Browser/template.php|F08828
1340036808|Nathaniel|M|monroe-elections/view.py|348A43
1340037792|Chris|A|python-pyudev-rpm/python-pyudev.spec|662B6E
1340038021|Chris|M|python-pyudev-rpm/python-pyudev.spec|662B6E
1340040248|Chris|M|python-pyudev-rpm/python-pyudev.spec|662B6E
1340041748|Nathaniel|A|monroe-elections/index.html|348A43
1340041748|Nathaniel|M|monroe-elections/js/election.js|348A43
1340041748|Nathaniel|M|monroe-elections/view.py|348A43
1340041855|Nathaniel|M|monroe-elections/data-submodule|348A43
1340041918|Nathaniel|M|monroe-elections/election.py|348A43
1340042532|Nathaniel|M|monroe-elections/js/election.js|348A43
1340042571|Nathaniel|M|monroe-elections/view.py|348A43
1340042798|Nathaniel|M|monroe-elections/view.py|348A43
1340042905|Nathaniel|M|monroe-elections/election.py|348A43
1340043416|Nathaniel|M|monroe-elections/election.py|348A43
1340043743|Chris|A|python-pyudev-rpm/RPMS/python-pyudev-0.15-1.fc17.noarch.rpm|662B6E
1340043743|Chris|A|python-pyudev-rpm/SPECS/python-pyudev.spec|662B6E
1340043743|Chris|A|python-pyudev-rpm/SRPMS/python-pyudev-0.15-1.fc17.src.rpm|662B6E
1340043743|Chris|D|python-pyudev-rpm/python-pyudev.spec|662B6E
1340044207|Nathaniel|M|monroe-elections/election.py|348A43
1340045515|Nathaniel|M|monroe-elections/election.py|348A43
1340045515|Nathaniel|M|monroe-elections/view.py|348A43
1340047112|Chris|A|python-pyudev-rpm/RPMS/python-pyudev-0.15-1.el6.noarch.rpm|662B6E
1340047112|Chris|A|python-pyudev-rpm/SRPMS/python-pyudev-0.15-1.el6.src.rpm|662B6E
1340053195|Nathaniel|M|monroe-elections/election.py|348A43
1340053275|Nathaniel|M|monroe-elections/election.py|348A43
1340053353|Nathaniel|M|monroe-elections/view.py|348A43
1340053392|Nathaniel|M|monroe-elections/index.html|348A43
1340053392|Nathaniel|M|monroe-elections/js/election.js|348A43
1340053978|Nathaniel|M|monroe-elections/view.py|348A43
1340054142|Nathaniel|M|monroe-elections/view.py|348A43
1340054554|Nathaniel|M|monroe-elections/view.py|348A43
1340055296|Nathaniel|M|monroe-elections/election.py|348A43
1340055324|Nathaniel|M|monroe-elections/js/election.js|348A43
1340055343|Nathaniel|M|monroe-elections/data-submodule|348A43
1340055542|Nathaniel|M|monroe-elections/election.py|348A43
1340056081|Nathaniel|M|monroe-elections/view.py|348A43
1340057555|Nathaniel|M|monroe-elections/election.py|348A43
1340057646|Nathaniel|M|monroe-elections/election.py|348A43
1340124925|Nathaniel|M|monroe-elections/election.py|348A43
1340125048|Nathaniel|M|monroe-elections/css/bean.css|348A43
1340125048|Nathaniel|M|monroe-elections/index.html|348A43
1340125389|Nathaniel|M|monroe-elections/view.py|348A43
1340125552|Nathaniel|M|monroe-elections/css/bean.css|348A43
1340125552|Nathaniel|M|monroe-elections/index.html|348A43
1340125552|Nathaniel|M|monroe-elections/view.py|348A43
1340125678|Nathaniel|M|monroe-elections/election.py|348A43
1340126032|Nathaniel|M|monroe-elections/election.py|348A43
1340126421|Nathaniel|M|monroe-elections/election.py|348A43
1340126439|Nathaniel|M|monroe-elections/election.py|348A43
1340126472|Nathaniel|M|monroe-elections/election.py|348A43
1340131671|Nathaniel|M|monroe-elections/css/bean.css|348A43
1340131671|Nathaniel|M|monroe-elections/index.html|348A43
1340131713|Nathaniel|M|monroe-elections/index.html|348A43
1340133407|Ross|A|pypi2fedora/packager.py|841B93
1340133672|Nathaniel|M|monroe-elections/css/bean.css|348A43
1340133672|Nathaniel|M|monroe-elections/js/election.js|348A43
1340134893|Nathaniel|M|monroe-elections/js/election.js|348A43
1340134920|Ross|M|pypi2fedora/packager.py|841B93
1340134924|Nathaniel|M|monroe-elections/js/election.js|348A43
1340134970|Nathaniel|M|monroe-elections/js/election.js|348A43
1340135755|Ross|M|pypi2fedora/packager.py|841B93
1340136673|Ross|D|pypi2fedora/packager.py|841B93
1340136673|Ross|A|pypi2fedora/pypi2fedora.py|841B93
1340136720|Ross|D|pypi2fedora/pypi2fedora.py|841B93
1340136720|Ross|A|pypi2fedora/pypi2fedora/pypi2fedora.py|841B93
1340138707|Ross|A|pypi2fedora/pypi2fedora/__init__.py|841B93
1340138707|Ross|D|pypi2fedora/pypi2fedora/pypi2fedora.py|841B93
1340138707|Ross|A|pypi2fedora/setup.py|841B93
1340138777|Ross|A|pypi2fedora/README.md|841B93
1340139179|Ross|M|pypi2fedora/README.md|841B93
1340213014|Ross|M|misc/README.rst|BA4EC9
1340213014|Ross|A|misc/bin/to_webserver|BA4EC9
1340215059|Ross|D|tahrir/tahrir/model.py|DCF383
1340217639|Nathaniel|A|groovebot/MergeBot.py|F03728
1340217639|Nathaniel|M|groovebot/PandApi.py|F03728
1340217816|Nathaniel|M|groovebot/JlewBot.py|F03728
1340217961|Nathaniel|M|groovebot/PandApi.py|F03728
1340219273|Ross|M|tahrir/setup.py|DCF383
1340219273|Ross|D|tahrir/tahrir/scripts/__init__.py|DCF383
1340219273|Ross|D|tahrir/tahrir/scripts/initializedb.py|DCF383
1340220962|Nathaniel|M|groovebot/MergeBot.py|F03728
1340221312|Nathaniel|M|groovebot/PandApi.py|F03728
1340221343|Nathaniel|D|groovebot/PandBot.py|F03728
1340222921|Nathaniel|D|groovebot/MPDBot.py|F03728
1340223151|Nathaniel|M|groovebot/MergeBot.py|F03728
1340223823|Chris|M|python-pyudev-rpm/RPMS/python-pyudev-0.15-1.fc17.noarch.rpm|662B6E
1340223823|Chris|M|python-pyudev-rpm/SPECS/python-pyudev.spec|662B6E
1340223823|Chris|M|python-pyudev-rpm/SRPMS/python-pyudev-0.15-1.fc17.src.rpm|662B6E
1340224083|Nathaniel|M|groovebot/MergeBot.py|F03728
1340226541|Ralph|A|fedmsg/fedmsg/crypto.py|2B666E
1340226541|Ralph|A|fedmsg/fedmsg/tests/test_certs/REAMDE|2B666E
1340226541|Ralph|A|fedmsg/fedmsg/tests/test_crypto.py|2B666E
1340226541|Ralph|M|fedmsg/setup.py|2B666E
1340228880|Ross|A|Fedora-Badges-Ideas/README.md|841B93
1340231455|Ralph|A|fedmsg/fedmsg/tests/test_certs/README|2B666E
1340231455|Ralph|D|fedmsg/fedmsg/tests/test_certs/REAMDE|2B666E
1340232283|Ralph|M|fedmsg/fedmsg/crypto.py|2B666E
1340232359|Ralph|A|fedmsg/fedmsg/tests/test_certs/certs/ca.pem|2B666E
1340232359|Ralph|A|fedmsg/fedmsg/tests/test_certs/certs/cacert.pem|2B666E
1340232359|Ralph|A|fedmsg/fedmsg/tests/test_certs/certs/newcert.pem|2B666E
1340232359|Ralph|A|fedmsg/fedmsg/tests/test_certs/certs/test_cert.pem|2B666E
1340232359|Ralph|A|fedmsg/fedmsg/tests/test_certs/private_keys/newkey-unencrypted.pem|2B666E
1340232359|Ralph|A|fedmsg/fedmsg/tests/test_certs/private_keys/newkey.pem|2B666E
1340232359|Ralph|A|fedmsg/fedmsg/tests/test_certs/private_keys/test_cert.pem|2B666E
1340287643|Ross|A|Fedora-Badges-Ideas/Packaging.txt|841B93
1340290125|Chris|M|Fedora-Badges-Ideas/Packaging.txt|841B93
1340290288|Chris|M|Fedora-Badges-Ideas/Packaging.txt|841B93
1340290628|Ralph|M|fedmsg/fedmsg/commands/logger.py|2B666E
1340291571|Ralph|A|Fedora-Badges-Ideas/Peopling.rst|841B93
1340292092|Ralph|M|fedmsg/fedmsg/commands/tail.py|2B666E
1340292097|Ross|A|Fedora-Badges-Ideas/Packaging.rst|841B93
1340292097|Ross|D|Fedora-Badges-Ideas/Packaging.txt|841B93
1340292097|Ross|M|Fedora-Badges-Ideas/README.md|841B93
1340292195|Ralph|A|fedmsg/dev_certs|2B666E
1340292195|Ralph|A|fedmsg/fedmsg.d/ssl.py|2B666E
1340292195|Ralph|M|fedmsg/fedmsg/consumers/__init__.py|2B666E
1340292195|Ralph|M|fedmsg/fedmsg/consumers/dummy.py|2B666E
1340292195|Ralph|M|fedmsg/fedmsg/consumers/ircbot.py|2B666E
1340292195|Ralph|M|fedmsg/fedmsg/consumers/relay.py|2B666E
1340292195|Ralph|M|fedmsg/fedmsg/core.py|2B666E
1340292195|Ralph|M|fedmsg/fedmsg/crypto.py|2B666E
1340292195|Ralph|M|fedmsg/fedmsg/tests/fedmsg-test-config.py|2B666E
1340292195|Ralph|M|fedmsg/fedmsg/tests/test_crypto.py|2B666E
1340292195|Ralph|M|fedmsg/fedmsg/tests/test_hub.py|2B666E
1340292195|Ralph|M|fedmsg/setup.py|2B666E
1340292562|Ross|M|Fedora-Badges-Ideas/Packaging.rst|841B93
1340292562|Ross|M|Fedora-Badges-Ideas/Peopling.rst|841B93
1340293332|Ralph|M|fedmsg/fedmsg/consumers/relay.py|2B666E
1340294609|Nathaniel|M|monroe-elections/gitsupport.py|348A43
1340294701|Nathaniel|M|monroe-elections/election.py|348A43
1340295239|Ralph|M|fedmsg/fedmsg/tests/test_hub.py|2B666E
1340295487|Ralph|M|fedmsg/fedmsg/tests/test_crypto.py|2B666E
1340295487|Ralph|M|fedmsg/fedmsg/tests/test_hub.py|2B666E
1340295671|Ralph|M|fedmsg/fedmsg/consumers/ircbot.py|2B666E
1340297771|Ross|M|pypi2fedora/pypi2fedora/__init__.py|841B93
1340298001|Nathaniel|M|monroe-elections/election.py|348A43
1340298001|Nathaniel|M|monroe-elections/view.py|348A43
1340298075|Nathaniel|M|monroe-elections/election.py|348A43
1340298075|Nathaniel|M|monroe-elections/view.py|348A43
1340298099|Nathaniel|M|monroe-elections/election.py|348A43
1340301887|Ralph|M|fedmsg/fedmsg/tests/test_crypto.py|2B666E
1340329655|Chris|M|pypi2fedora/pypi2fedora/__init__.py|841B93
1340370600|Ross|A|tahrir-api/.travis.yml|BFE626
1340370911|Ross|M|tahrir-api/setup.py|BFE626
1340391951|Ross|A|SuperParamiko/SuperParamiko.py|BE6FC9
1340392058|Ross|A|SuperParamiko/README.md|BE6FC9
1340478901|Ralph|M|fedmsg/fedmsg/json.py|2B666E
1340478901|Ralph|M|fedmsg/setup.py|2B666E
1340557190|Ralph|M|fedmsg/fedmsg/json.py|2B666E
1340557270|Ralph|M|fedmsg/fedmsg/json.py|2B666E
1340645445|Nathaniel|M|groovebot/JlewBot.py|F03728
1340645804|Nathaniel|M|groovebot/JlewBot.py|F03728
1340645878|Nathaniel|M|groovebot/MergeBot.py|F03728
1340645919|Nathaniel|M|groovebot/MergeBot.py|F03728
1340645969|Nathaniel|M|groovebot/MergeBot.py|F03728
1340646193|Nathaniel|M|groovebot/SpotApi.py|F03728
1340646244|Nathaniel|M|groovebot/SpotApi.py|F03728
1340646299|Nathaniel|M|groovebot/util.py|F03728
1340646631|Nathaniel|M|groovebot/MergeBot.py|F03728
1340646906|Nathaniel|M|groovebot/MergeBot.py|F03728
1340646961|Nathaniel|M|groovebot/MergeBot.py|F03728
1340647026|Nathaniel|M|groovebot/MergeBot.py|F03728
1340647058|Nathaniel|M|groovebot/MergeBot.py|F03728
1340647715|Nathaniel|D|groovebot/MPDApi.py|F03728
1340647715|Nathaniel|M|groovebot/MergeBot.py|F03728
1340647715|Nathaniel|D|groovebot/PandApi.py|F03728
1340647715|Nathaniel|D|groovebot/SpotApi.py|F03728
1340647715|Nathaniel|A|groovebot/api/__init__.py|F03728
1340647715|Nathaniel|A|groovebot/api/mpd.py|F03728
1340647715|Nathaniel|A|groovebot/api/pandora.py|F03728
1340647715|Nathaniel|A|groovebot/api/spotify.py|F03728
1340649740|Nathaniel|M|groovebot/MergeBot.py|F03728
1340649794|Nathaniel|M|groovebot/api/pandora.py|F03728
1340650780|Nathaniel|M|groovebot/GrooveBot.py|F03728
1340650895|Nathaniel|M|groovebot/SpotBot.py|F03728
1340650938|Nathaniel|M|groovebot/SpotBot.py|F03728
1340650988|Nathaniel|M|groovebot/SpotBot.py|F03728
1340651015|Nathaniel|M|groovebot/SpotBot.py|F03728
1340652790|Ralph|M|fedmsg/fedmsg/json.py|2B666E
1340653676|Nathaniel|M|groovebot/GrooveBot.py|F03728
1340654251|Nathaniel|M|groovebot/api/pandora.py|F03728
1340654382|Nathaniel|M|groovebot/MergeBot.py|F03728
1340658339|Chris|M|CSH-Achievements-Browser/db_connect.php|F08828
1340659963|Chris|M|CSH-Achievements-Browser/nethack_log_connect.php|F08828
1340680406|Nathaniel|M|groovebot/MergeBot.py|F03728
1340680475|Nathaniel|M|groovebot/MergeBot.py|F03728
1340680566|Nathaniel|M|groovebot/MergeBot.py|F03728
1340680621|Nathaniel|M|groovebot/SpotBot.py|F03728
1340680671|Chris|A|bingehack-website/css/index.html|0A771D
1340680671|Chris|A|bingehack-website/css/style.css|0A771D
1340680671|Chris|A|bingehack-website/images/border.png|0A771D
1340680671|Chris|A|bingehack-website/images/content_bg.jpg|0A771D
1340680671|Chris|A|bingehack-website/images/email.png|0A771D
1340680671|Chris|A|bingehack-website/images/error.png|0A771D
1340680671|Chris|A|bingehack-website/images/facebook.png|0A771D
1340680671|Chris|A|bingehack-website/images/footer_bg.png|0A771D
1340680671|Chris|A|bingehack-website/images/get_touchbg.png|0A771D
1340680671|Chris|A|bingehack-website/images/home.png|0A771D
1340680671|Chris|A|bingehack-website/images/icon_availability.png|0A771D
1340680671|Chris|A|bingehack-website/images/index.html|0A771D
1340680671|Chris|A|bingehack-website/images/input_bg.png|0A771D
1340680671|Chris|A|bingehack-website/images/list_bg.png|0A771D
1340680671|Chris|A|bingehack-website/images/logo_bg.png|0A771D
1340680671|Chris|A|bingehack-website/images/mainmenu_contact.png|0A771D
1340680671|Chris|A|bingehack-website/images/mainmenu_home.png|0A771D
1340680671|Chris|A|bingehack-website/images/mainmenu_portfolio.png|0A771D
1340680671|Chris|A|bingehack-website/images/middle_bg.png|0A771D
1340680671|Chris|A|bingehack-website/images/page_bg.jpg|0A771D
1340680671|Chris|A|bingehack-website/images/phone.png|0A771D
1340680671|Chris|A|bingehack-website/images/portfolio_item.jpg|0A771D
1340680671|Chris|A|bingehack-website/images/portfolio_item01.jpg|0A771D
1340680671|Chris|A|bingehack-website/images/portfolio_item02.jpg|0A771D
1340680671|Chris|A|bingehack-website/images/portfolio_item03.jpg|0A771D
1340680671|Chris|A|bingehack-website/images/portfolio_item04.jpg|0A771D
1340680671|Chris|A|bingehack-website/images/portfolio_item05.jpg|0A771D
1340680671|Chris|A|bingehack-website/images/portfolio_item06.jpg|0A771D
1340680671|Chris|A|bingehack-website/images/profile_image.jpg|0A771D
1340680671|Chris|A|bingehack-website/images/submit.png|0A771D
1340680671|Chris|A|bingehack-website/images/tabs_bg.png|0A771D
1340680671|Chris|A|bingehack-website/images/textarea.png|0A771D
1340680671|Chris|A|bingehack-website/images/twitter.png|0A771D
1340680671|Chris|A|bingehack-website/index.html|0A771D
1340680671|Chris|A|bingehack-website/js/custom.js|0A771D
1340680671|Chris|A|bingehack-website/js/easyslider.js|0A771D
1340680671|Chris|A|bingehack-website/js/fancybox/blank.gif|0A771D
1340680671|Chris|A|bingehack-website/js/fancybox/fancy_close.png|0A771D
1340680671|Chris|A|bingehack-website/js/fancybox/fancy_loading.png|0A771D
1340680671|Chris|A|bingehack-website/js/fancybox/fancy_nav_left.png|0A771D
1340680671|Chris|A|bingehack-website/js/fancybox/fancy_nav_right.png|0A771D
1340680671|Chris|A|bingehack-website/js/fancybox/fancy_shadow_e.png|0A771D
1340680671|Chris|A|bingehack-website/js/fancybox/fancy_shadow_n.png|0A771D
1340680671|Chris|A|bingehack-website/js/fancybox/fancy_shadow_ne.png|0A771D
1340680671|Chris|A|bingehack-website/js/fancybox/fancy_shadow_nw.png|0A771D
1340680671|Chris|A|bingehack-website/js/fancybox/fancy_shadow_s.png|0A771D
1340680671|Chris|A|bingehack-website/js/fancybox/fancy_shadow_se.png|0A771D
1340680671|Chris|A|bingehack-website/js/fancybox/fancy_shadow_sw.png|0A771D
1340680671|Chris|A|bingehack-website/js/fancybox/fancy_shadow_w.png|0A771D
1340680671|Chris|A|bingehack-website/js/fancybox/fancy_title_left.png|0A771D
1340680671|Chris|A|bingehack-website/js/fancybox/fancy_title_main.png|0A771D
1340680671|Chris|A|bingehack-website/js/fancybox/fancy_title_over.png|0A771D
1340680671|Chris|A|bingehack-website/js/fancybox/fancy_title_right.png|0A771D
1340680671|Chris|A|bingehack-website/js/fancybox/fancybox-x.png|0A771D
1340680671|Chris|A|bingehack-website/js/fancybox/fancybox-y.png|0A771D
1340680671|Chris|A|bingehack-website/js/fancybox/fancybox.png|0A771D
1340680671|Chris|A|bingehack-website/js/fancybox/jquery.fancybox-1.3.1.css|0A771D
1340680671|Chris|A|bingehack-website/js/fancybox/jquery.fancybox-1.3.1.js|0A771D
1340680671|Chris|A|bingehack-website/js/index.html|0A771D
1340680671|Chris|A|bingehack-website/js/jquery.easing.1.3.js|0A771D
1340680671|Chris|A|bingehack-website/js/jquery.js|0A771D
1340680671|Chris|A|bingehack-website/js/loading.gif|0A771D
1340680694|Chris|M|bingehack-website/index.html|0A771D
1340685583|Chris|A|bingehack-website/images/OS_X-Logo.png|0A771D
1340685583|Chris|A|bingehack-website/images/Tux.png|0A771D
1340685583|Chris|A|bingehack-website/images/windows.png|0A771D
1340685583|Chris|M|bingehack-website/index.html|0A771D
1340685583|Chris|A|bingehack-website/instructions/linux.html|0A771D
1340685583|Chris|A|bingehack-website/instructions/osx.html|0A771D
1340685583|Chris|A|bingehack-website/instructions/windows.html|0A771D
1340689219|Chris|M|bingehack-website/css/style.css|0A771D
1340689219|Chris|A|bingehack-website/images/at_logo.png|0A771D
1340689219|Chris|M|bingehack-website/index.html|0A771D
1340695447|Chris|M|bingehack-website/css/style.css|0A771D
1340695571|Chris|M|bingehack-website/css/style.css|0A771D
1340696080|Chris|M|bingehack/README.mkdn|0A771D
1340696376|Chris|M|bingehack-website/index.html|0A771D
1340696822|Chris|M|bingehack-website/index.html|0A771D
1340730677|Nathaniel|M|groovebot/MergeBot.py|F03728
1340730677|Nathaniel|M|groovebot/api/pandora.py|F03728
1340743625|Nathaniel|A|mail_scrape/read.py|1FB839
1340743823|Ross|A|vbox-overlord/setup.py|F0F0F0
1340743823|Ross|A|vbox-overlord/vboxoverlord/__init__.py|F0F0F0
1340744904|Ross|M|vbox-overlord/vboxoverlord/__init__.py|F0F0F0
1340745666|Ross|M|vbox-overlord/vboxoverlord/__init__.py|F0F0F0
1340746053|Ross|M|vbox-overlord/vboxoverlord/__init__.py|F0F0F0
1340746301|Ross|A|vbox-overlord/README.md|F0F0F0
1340746644|Ross|M|vbox-overlord/README.md|F0F0F0
1340748059|Ross|M|vbox-overlord/setup.py|F0F0F0
1340761469|Ross|M|SuperParamiko/SuperParamiko.py|BE6FC9
1340761524|Ross|D|SuperParamiko/README.md|BE6FC9
1340761524|Ross|A|SuperParamiko/README.rst|BE6FC9
1340761524|Ross|D|SuperParamiko/SuperParamiko.py|BE6FC9
1340761524|Ross|A|SuperParamiko/SuperParamiko/__init__.py|BE6FC9
1340761524|Ross|A|SuperParamiko/setup.py|BE6FC9
1340761667|Ross|M|SuperParamiko/setup.py|BE6FC9
1340762036|Ross|A|SuperParamiko/MANIFEST.in|BE6FC9
1340762036|Ross|M|SuperParamiko/README.rst|BE6FC9
1340762036|Ross|M|SuperParamiko/setup.py|BE6FC9
1340764649|Ross|M|SuperParamiko/setup.py|BE6FC9
1340764697|Ross|M|SuperParamiko/setup.py|BE6FC9
1340765285|Ross|M|vbox-overlord/setup.py|F0F0F0
1340765285|Ross|M|vbox-overlord/vboxoverlord/__init__.py|F0F0F0
1340765331|Ross|M|vbox-overlord/setup.py|F0F0F0
1340810024|Ross|M|tahrir/tahrir/views.py|DCF383
1340818175|Ross|M|vbox-overlord/vboxoverlord/__init__.py|F0F0F0
1340818274|Ross|M|vbox-overlord/setup.py|F0F0F0
1340819890|Nathaniel|M|groovebot/MergeBot.py|F03728
1340819963|Nathaniel|M|groovebot/MergeBot.py|F03728
1340820037|Nathaniel|M|groovebot/MergeBot.py|F03728
1340820083|Nathaniel|M|groovebot/api/spotify.py|F03728
1340820561|Nathaniel|M|groovebot/api/spotify.py|F03728
1340820635|Nathaniel|D|groovebot/SpotBot.py|F03728
1341241676|Nathaniel|M|mail_scrape/read.py|1FB839
1341265912|Chris|A|CSH-Achievements-Browser/binge_highscores.php|0A771D
1341265912|Chris|M|CSH-Achievements-Browser/template.php|F08828
1341280155|Chris|M|CSH-Achievements-Browser/db_game_connect.php|F08828
1341324708|Ross|M|SuperParamiko/README.rst|BE6FC9
1341332061|Ross|A|tahrir-rest/README.rst|7A960C
1341332061|Ross|A|tahrir-rest/setup.py|7A960C
1341332061|Ross|A|tahrir-rest/tahrir_rest/__init__.py|7A960C
1341332444|Chris|M|CSH-Achievements-Browser/binge_highscores.php|0A771D
1341332444|Chris|M|CSH-Achievements-Browser/nethack_log_connect.php|F08828
1341332488|Chris|M|CSH-Achievements-Browser/nethack_log_connect.php|F08828
1341332816|Chris|M|CSH-Achievements-Browser/nethack_log_connect.php|F08828
1341333641|Ross|M|tahrir-rest/setup.py|7A960C
1341335527|Chris|M|CSH-Achievements-Browser/nethack_log_connect.php|F08828
1341428640|Ross|M|tahrir/setup.py|DCF383
1341508236|Ralph|M|fedmsg/setup.py|2B666E
1341510608|Ralph|M|fedmsg/fedmsg/crypto.py|2B666E
1341510608|Ralph|M|fedmsg/fedmsg/tests/fedmsg-test-config.py|2B666E
1341510608|Ralph|M|fedmsg/fedmsg/tests/test_crypto.py|2B666E
1341510608|Ralph|M|fedmsg/setup.py|2B666E
1341589271|Ross|M|tahrir-rest/setup.py|7A960C
1341590308|Ross|M|tahrir-rest/tahrir_rest/__init__.py|7A960C
1341590366|Ross|A|tahrir-rest/development.ini|7A960C
1341590552|Ross|M|tahrir-rest/setup.py|7A960C
1341590711|Ross|M|tahrir-rest/setup.py|7A960C
1341593053|Ross|M|tahrir-rest/development.ini|7A960C
1341593053|Ross|M|tahrir-rest/setup.py|7A960C
1341593053|Ross|M|tahrir-rest/tahrir_rest/__init__.py|7A960C
1341593899|Ross|M|tahrir-rest/tahrir_rest/__init__.py|7A960C
1341595445|Ross|M|tahrir-rest/tahrir_rest/__init__.py|7A960C
1341599169|Ross|M|tahrir-rest/tahrir_rest/__init__.py|7A960C
1341599493|Ross|M|tahrir-api/tahrir_api/dbapi.py|BFE626
1341600287|Ross|M|tahrir-api/tahrir_api/dbapi.py|BFE626
1341600438|Ross|M|tahrir-api/tahrir_api/dbapi.py|BFE626
1341600949|Ross|M|tahrir-api/tahrir_api/dbapi.py|BFE626
1341601247|Ross|M|tahrir-api/tahrir_api/dbapi.py|BFE626
1341601836|Ross|M|tahrir-api/tahrir_api/dbapi.py|BFE626
1341603659|Ross|M|tahrir-rest/tahrir_rest/__init__.py|7A960C
1341607257|Ross|M|tahrir-rest/tahrir_rest/__init__.py|7A960C
1341609248|Ross|M|tahrir-rest/tahrir_rest/__init__.py|7A960C
1341611370|Ross|M|tahrir-rest/tahrir_rest/__init__.py|7A960C
1341695517|Ross|M|vbox-overlord/vboxoverlord/__init__.py|F0F0F0
1341696448|Ross|M|vbox-overlord/vboxoverlord/__init__.py|F0F0F0
1341846818|Ross|M|SuperParamiko/SuperParamiko/__init__.py|BE6FC9
1341847275|Ross|M|SuperParamiko/SuperParamiko/__init__.py|BE6FC9
1341847345|Ross|M|SuperParamiko/setup.py|BE6FC9
1341847445|Ross|M|SuperParamiko/README.rst|BE6FC9
1341849267|Nathaniel|M|groovebot/MergeBot.py|F03728
1341849267|Nathaniel|A|groovebot/api/libspotify.py|F03728
1341849267|Nathaniel|D|groovebot/api/spotify.py|F03728
1341849267|Nathaniel|A|groovebot/api/spytify.py|F03728
1341864736|Nathaniel|M|mail_scrape/read.py|1FB839
1341931503|Ross|M|tahrir-rest/tahrir_rest/__init__.py|7A960C
1341931787|Ross|M|tahrir-rest/tahrir_rest/__init__.py|7A960C
1341934029|Ross|M|tahrir-rest/setup.py|7A960C
1341934150|Ross|M|tahrir-rest/tahrir_rest/__init__.py|7A960C
1341934652|Ross|M|tahrir-rest/tahrir_rest/__init__.py|7A960C
1341937030|Ross|M|tahrir-api/tahrir_api/model.py|BFE626
1341937281|Ross|M|tahrir-api/setup.py|BFE626
1341944270|Chris|M|mobile-profiles/profiles.hs|9C520D
1341945684|Chris|M|mobile-profiles/Backend.hs|9C520D
1341945684|Chris|M|mobile-profiles/HTMLBackend.hs|9C520D
1341945684|Chris|M|mobile-profiles/profiles.hs|9C520D
1341947007|Chris|M|mobile-profiles/Makefile|9C520D
1341952046|Chris|M|tahrir/tahrir/templates/index.mak|DCF383
1341952046|Chris|M|tahrir/tahrir/templates/index.mak|DCF383
1341952136|Chris|M|tahrir/tahrir/templates/master.mak|DCF383
1341952136|Chris|M|tahrir/tahrir/templates/master.mak|DCF383
1341952318|Chris|M|tahrir/tahrir/templates/master.mak|DCF383
1341952318|Chris|M|tahrir/tahrir/templates/master.mak|DCF383
1341953260|David|D|tahrir/tahrir/static/favicon.ico|DCF383
1341953260|David|D|tahrir/tahrir/static/footerbg.png|DCF383
1341953260|David|D|tahrir/tahrir/static/headerbg.png|DCF383
1341953260|David|D|tahrir/tahrir/static/ie6.css|DCF383
1341953260|David|D|tahrir/tahrir/static/middlebg.png|DCF383
1341953260|David|D|tahrir/tahrir/static/pylons.css|DCF383
1341953260|David|D|tahrir/tahrir/static/pyramid-small.png|DCF383
1341953260|David|D|tahrir/tahrir/static/pyramid.png|DCF383
1341953260|David|D|tahrir/tahrir/static/transparent.gif|DCF383
1341953430|Ross|M|tahrir-api/tahrir_api/dbapi.py|BFE626
1341954083|David|M|tahrir/tahrir/static/css/tahrir.css|DCF383
1341954841|David|M|tahrir/tahrir/static/css/tahrir.css|DCF383
1341958896|Ross|M|tahrir-api/setup.py|BFE626
1341968158|Ross|M|tahrir-api/setup.py|BFE626
1342008817|Ralph|M|fedmsg/fedmsg/json.py|2B666E
1342008871|Ralph|M|fedmsg/setup.py|2B666E
1342008898|Ralph|M|fedmsg/setup.py|2B666E
1342014380|Ralph|M|fedmsg/fedmsg/consumers/ircbot.py|2B666E
1342014380|Ralph|M|fedmsg/fedmsg/crypto.py|2B666E
1342014873|Ralph|M|fedmsg/fedmsg.d/ircbot.py|2B666E
1342014873|Ralph|M|fedmsg/fedmsg.d/ssl.py|2B666E
1342015770|Ross|A|coderwall-openbadges/README.rst|F0F0F0
1342015770|Ross|A|coderwall-openbadges/coderwall_openbadges/__init__.py|F0F0F0
1342015770|Ross|A|coderwall-openbadges/setup.py|F0F0F0
1342017673|Ross|M|coderwall-openbadges/coderwall_openbadges/__init__.py|F0F0F0
1342018122|Ross|M|coderwall-openbadges/setup.py|F0F0F0
1342019247|Ross|M|coderwall-openbadges/README.rst|F0F0F0
1342030823|Nathaniel|M|monroe-elections/css/bean.css|348A43
1342030823|Nathaniel|M|monroe-elections/index.html|348A43
1342030823|Nathaniel|M|monroe-elections/view.py|348A43
1342030931|Nathaniel|M|monroe-elections/election.py|348A43
1342031508|David|M|tahrir/tahrir/static/css/tahrir.css|DCF383
1342031508|David|M|tahrir/tahrir/templates/index.mak|DCF383
1342032370|David|M|tahrir/tahrir/static/css/tahrir.css|DCF383
1342032960|David|M|tahrir/tahrir/static/css/tahrir.css|DCF383
1342032960|David|M|tahrir/tahrir/templates/index.mak|DCF383
1342035654|David|M|tahrir/tahrir/static/css/tahrir.css|DCF383
1342035654|David|M|tahrir/tahrir/templates/index.mak|DCF383
1342036564|Ralph|M|fedmsg/doc/status.rst|2B666E
1342038232|Chris|A|csh-repo-rpm/csh-repo.spec|F08828
1342038232|Chris|A|csh-repo-rpm/csh.repo|F08828
1342038458|Chris|A|csh-repo-rpm/csh-repo-0.0.1-1.noarch.rpm|F08828
1342038458|Chris|A|csh-repo-rpm/csh-repo-0.0.1-1.src.rpm|F08828
1342038642|David|M|tahrir/tahrir/static/css/tahrir.css|DCF383
1342043526|Chris|M|csh-repo-rpm/csh.repo|F08828
1342048344|Ralph|M|fedmsg/doc/status.rst|2B666E
1342107295|David|M|tahrir/tahrir/static/js/popup.js|DCF383
1342108719|Chris|A|csh-repo-rpm/csh-repo-0.0.2-1.noarch.rpm|F08828
1342108719|Chris|A|csh-repo-rpm/csh-repo-0.0.2-1.src.rpm|F08828
1342108719|Chris|M|csh-repo-rpm/csh-repo.spec|F08828
1342112299|Ralph|M|tahrir-api/tahrir_api/dbapi.py|BFE626
1342112299|Ralph|M|tahrir-api/tahrir_api/model.py|BFE626
1342112299|Ralph|D|tahrir-api/tahrir_api/query_model.py|BFE626
1342112299|Ralph|M|tahrir-api/tahrir_api/scripts/initializedb.py|BFE626
1342112299|Ralph|M|tahrir-api/tests/test_dbai.py|BFE626
1342112640|Ross|M|tahrir-rest/tahrir_rest/__init__.py|7A960C
1342112702|Ralph|M|tahrir/tahrir/__init__.py|DCF383
1342112702|Ralph|M|tahrir/tahrir/app.py|DCF383
1342112702|Ralph|M|tahrir/tahrir/views.py|DCF383
1342112702|Ralph|M|tahrir/tahrir/widgets.py|DCF383
1342112713|Ralph|M|tahrir/tahrir/widgets.py|DCF383
1342112878|Ralph|M|tahrir/setup.py|DCF383
1342112905|Ross|M|tahrir-api/setup.py|BFE626
1342112928|Ralph|M|tahrir/setup.py|DCF383
1342113060|Ralph|M|tahrir/setup.py|DCF383
1342113847|Ross|M|tahrir-rest/tahrir_rest/__init__.py|7A960C
1342115802|Ross|M|fedmsg/fedmsg/consumers/badges/__init__.py|2B666E
1342116087|Ross|M|tahrir-api/tahrir_api/dbapi.py|BFE626
1342124390|Ralph|M|fedmsg/doc/status.rst|2B666E
1342186339|Ralph|M|fedmsg/setup.py|2B666E
1342195843|Ralph|M|fedmsg/doc/status.rst|2B666E
1342272381|Ralph|M|fedmsg/fedmsg/crypto.py|2B666E
1342286075|Ralph|M|fedmsg/fedmsg.d/ssl.py|2B666E
1342286075|Ralph|M|fedmsg/fedmsg/core.py|2B666E
1342286092|Ralph|M|fedmsg/extras/mediawiki/fedmsg-emit.php|2B666E
1342291207|Ralph|M|fedmsg/extras/mediawiki/fedmsg-emit.php|2B666E
1342358128|Ralph|M|fedmsg/fedmsg/core.py|2B666E
1342358354|Ralph|M|fedmsg/fedmsg/tests/fedmsg-test-config.py|2B666E
1342358404|Ralph|M|fedmsg/fedmsg/core.py|2B666E
1342358879|Ralph|M|fedmsg/fedmsg/tests/fedmsg-test-config.py|2B666E
1342386989|Ralph|M|fedmsg/fedmsg/consumers/__init__.py|2B666E
1342386989|Ralph|M|fedmsg/fedmsg/consumers/relay.py|2B666E
1342387385|Ralph|M|fedmsg/fedmsg/core.py|2B666E
1342387385|Ralph|D|fedmsg/fedmsg/tests/test_certs/README|2B666E
1342387385|Ralph|D|fedmsg/fedmsg/tests/test_certs/certs/ca.pem|2B666E
1342387385|Ralph|D|fedmsg/fedmsg/tests/test_certs/certs/cacert.pem|2B666E
1342387385|Ralph|D|fedmsg/fedmsg/tests/test_certs/certs/newcert.pem|2B666E
1342387385|Ralph|D|fedmsg/fedmsg/tests/test_certs/certs/test_cert.pem|2B666E
1342387385|Ralph|D|fedmsg/fedmsg/tests/test_certs/private_keys/newkey-unencrypted.pem|2B666E
1342387385|Ralph|D|fedmsg/fedmsg/tests/test_certs/private_keys/newkey.pem|2B666E
1342387385|Ralph|D|fedmsg/fedmsg/tests/test_certs/private_keys/test_cert.pem|2B666E
1342387404|Ralph|M|fedmsg/fedmsg.d/ssl.py|2B666E
1342387404|Ralph|M|fedmsg/fedmsg/crypto.py|2B666E
1342387404|Ralph|M|fedmsg/fedmsg/tests/fedmsg-test-config.py|2B666E
1342387404|Ralph|A|fedmsg/fedmsg/tests/test_certs/README|2B666E
1342387404|Ralph|A|fedmsg/fedmsg/tests/test_certs/build-and-sign-key|2B666E
1342387404|Ralph|A|fedmsg/fedmsg/tests/test_certs/build-ca|2B666E
1342387404|Ralph|A|fedmsg/fedmsg/tests/test_certs/build-key|2B666E
1342387404|Ralph|A|fedmsg/fedmsg/tests/test_certs/build-key-server|2B666E
1342387404|Ralph|A|fedmsg/fedmsg/tests/test_certs/build-req|2B666E
1342387404|Ralph|A|fedmsg/fedmsg/tests/test_certs/clean-all|2B666E
1342387404|Ralph|A|fedmsg/fedmsg/tests/test_certs/keys/01.pem|2B666E
1342387404|Ralph|A|fedmsg/fedmsg/tests/test_certs/keys/02.pem|2B666E
1342387404|Ralph|A|fedmsg/fedmsg/tests/test_certs/keys/03.pem|2B666E
1342387404|Ralph|A|fedmsg/fedmsg/tests/test_certs/keys/04.pem|2B666E
1342387404|Ralph|A|fedmsg/fedmsg/tests/test_certs/keys/05.pem|2B666E
1342387404|Ralph|A|fedmsg/fedmsg/tests/test_certs/keys/06.pem|2B666E
1342387404|Ralph|A|fedmsg/fedmsg/tests/test_certs/keys/07.pem|2B666E
1342387404|Ralph|A|fedmsg/fedmsg/tests/test_certs/keys/08.pem|2B666E
1342387404|Ralph|A|fedmsg/fedmsg/tests/test_certs/keys/09.pem|2B666E
1342387404|Ralph|A|fedmsg/fedmsg/tests/test_certs/keys/0A.pem|2B666E
1342387404|Ralph|A|fedmsg/fedmsg/tests/test_certs/keys/0B.pem|2B666E
1342387404|Ralph|A|fedmsg/fedmsg/tests/test_certs/keys/0C.pem|2B666E
1342387404|Ralph|A|fedmsg/fedmsg/tests/test_certs/keys/0D.pem|2B666E
1342387404|Ralph|A|fedmsg/fedmsg/tests/test_certs/keys/0E.pem|2B666E
1342387404|Ralph|A|fedmsg/fedmsg/tests/test_certs/keys/0F.pem|2B666E
1342387404|Ralph|A|fedmsg/fedmsg/tests/test_certs/keys/10.pem|2B666E
1342387404|Ralph|A|fedmsg/fedmsg/tests/test_certs/keys/11.pem|2B666E
1342387404|Ralph|A|fedmsg/fedmsg/tests/test_certs/keys/12.pem|2B666E
1342387404|Ralph|A|fedmsg/fedmsg/tests/test_certs/keys/13.pem|2B666E
1342387404|Ralph|A|fedmsg/fedmsg/tests/test_certs/keys/14.pem|2B666E
1342387404|Ralph|A|fedmsg/fedmsg/tests/test_certs/keys/15.pem|2B666E
1342387404|Ralph|A|fedmsg/fedmsg/tests/test_certs/keys/16.pem|2B666E
1342387404|Ralph|A|fedmsg/fedmsg/tests/test_certs/keys/17.pem|2B666E
1342387404|Ralph|A|fedmsg/fedmsg/tests/test_certs/keys/18.pem|2B666E
1342387404|Ralph|A|fedmsg/fedmsg/tests/test_certs/keys/19.pem|2B666E
1342387404|Ralph|A|fedmsg/fedmsg/tests/test_certs/keys/1A.pem|2B666E
1342387404|Ralph|A|fedmsg/fedmsg/tests/test_certs/keys/1B.pem|2B666E
1342387404|Ralph|A|fedmsg/fedmsg/tests/test_certs/keys/1C.pem|2B666E
1342387404|Ralph|A|fedmsg/fedmsg/tests/test_certs/keys/1D.pem|2B666E
1342387404|Ralph|A|fedmsg/fedmsg/tests/test_certs/keys/1E.pem|2B666E
1342387404|Ralph|A|fedmsg/fedmsg/tests/test_certs/keys/1F.pem|2B666E
1342387404|Ralph|A|fedmsg/fedmsg/tests/test_certs/keys/20.pem|2B666E
1342387404|Ralph|A|fedmsg/fedmsg/tests/test_certs/keys/21.pem|2B666E
1342387404|Ralph|A|fedmsg/fedmsg/tests/test_certs/keys/22.pem|2B666E
1342387404|Ralph|A|fedmsg/fedmsg/tests/test_certs/keys/23.pem|2B666E
1342387404|Ralph|A|fedmsg/fedmsg/tests/test_certs/keys/24.pem|2B666E
1342387404|Ralph|A|fedmsg/fedmsg/tests/test_certs/keys/25.pem|2B666E
1342387404|Ralph|A|fedmsg/fedmsg/tests/test_certs/keys/26.pem|2B666E
1342387404|Ralph|A|fedmsg/fedmsg/tests/test_certs/keys/27.pem|2B666E
1342387404|Ralph|A|fedmsg/fedmsg/tests/test_certs/keys/28.pem|2B666E
1342387404|Ralph|A|fedmsg/fedmsg/tests/test_certs/keys/29.pem|2B666E
1342387404|Ralph|A|fedmsg/fedmsg/tests/test_certs/keys/2A.pem|2B666E
1342387404|Ralph|A|fedmsg/fedmsg/tests/test_certs/keys/2B.pem|2B666E
1342387404|Ralph|A|fedmsg/fedmsg/tests/test_certs/keys/2C.pem|2B666E
1342387404|Ralph|A|fedmsg/fedmsg/tests/test_certs/keys/2D.pem|2B666E
1342387404|Ralph|A|fedmsg/fedmsg/tests/test_certs/keys/bodhi-app01.phx2.fedoraproject.org.crt|2B666E
1342387404|Ralph|A|fedmsg/fedmsg/tests/test_certs/keys/bodhi-app01.phx2.fedoraproject.org.csr|2B666E
1342387404|Ralph|A|fedmsg/fedmsg/tests/test_certs/keys/bodhi-app01.phx2.fedoraproject.org.key|2B666E
1342387404|Ralph|A|fedmsg/fedmsg/tests/test_certs/keys/bodhi-app01.stg.phx2.fedoraproject.org.crt|2B666E
1342387404|Ralph|A|fedmsg/fedmsg/tests/test_certs/keys/bodhi-app01.stg.phx2.fedoraproject.org.csr|2B666E
1342387404|Ralph|A|fedmsg/fedmsg/tests/test_certs/keys/bodhi-app01.stg.phx2.fedoraproject.org.key|2B666E
1342387404|Ralph|A|fedmsg/fedmsg/tests/test_certs/keys/bodhi-app02.phx2.fedoraproject.org.crt|2B666E
1342387404|Ralph|A|fedmsg/fedmsg/tests/test_certs/keys/bodhi-app02.phx2.fedoraproject.org.csr|2B666E
1342387404|Ralph|A|fedmsg/fedmsg/tests/test_certs/keys/bodhi-app02.phx2.fedoraproject.org.key|2B666E
1342387404|Ralph|A|fedmsg/fedmsg/tests/test_certs/keys/bodhi-app02.stg.phx2.fedoraproject.org.crt|2B666E
1342387404|Ralph|A|fedmsg/fedmsg/tests/test_certs/keys/bodhi-app02.stg.phx2.fedoraproject.org.csr|2B666E
1342387404|Ralph|A|fedmsg/fedmsg/tests/test_certs/keys/bodhi-app02.stg.phx2.fedoraproject.org.key|2B666E
1342387404|Ralph|A|fedmsg/fedmsg/tests/test_certs/keys/bodhi-app03.phx2.fedoraproject.org.crt|2B666E
1342387404|Ralph|A|fedmsg/fedmsg/tests/test_certs/keys/bodhi-app03.phx2.fedoraproject.org.csr|2B666E
1342387404|Ralph|A|fedmsg/fedmsg/tests/test_certs/keys/bodhi-app03.phx2.fedoraproject.org.key|2B666E
1342387404|Ralph|A|fedmsg/fedmsg/tests/test_certs/keys/bodhi-app04.phx2.fedoraproject.org.crt|2B666E
1342387404|Ralph|A|fedmsg/fedmsg/tests/test_certs/keys/bodhi-app04.phx2.fedoraproject.org.csr|2B666E
1342387404|Ralph|A|fedmsg/fedmsg/tests/test_certs/keys/bodhi-app04.phx2.fedoraproject.org.key|2B666E
1342387404|Ralph|A|fedmsg/fedmsg/tests/test_certs/keys/bodhi-app05.phx2.fedoraproject.org.crt|2B666E
1342387404|Ralph|A|fedmsg/fedmsg/tests/test_certs/keys/bodhi-app05.phx2.fedoraproject.org.csr|2B666E
1342387404|Ralph|A|fedmsg/fedmsg/tests/test_certs/keys/bodhi-app05.phx2.fedoraproject.org.key|2B666E
1342387404|Ralph|A|fedmsg/fedmsg/tests/test_certs/keys/bodhi-app06.phx2.fedoraproject.org.crt|2B666E
1342387404|Ralph|A|fedmsg/fedmsg/tests/test_certs/keys/bodhi-app06.phx2.fedoraproject.org.csr|2B666E
1342387404|Ralph|A|fedmsg/fedmsg/tests/test_certs/keys/bodhi-app06.phx2.fedoraproject.org.key|2B666E
1342387404|Ralph|A|fedmsg/fedmsg/tests/test_certs/keys/bodhi-app07.phx2.fedoraproject.org.crt|2B666E
1342387404|Ralph|A|fedmsg/fedmsg/tests/test_certs/keys/bodhi-app07.phx2.fedoraproject.org.csr|2B666E
1342387404|Ralph|A|fedmsg/fedmsg/tests/test_certs/keys/bodhi-app07.phx2.fedoraproject.org.key|2B666E
1342387404|Ralph|A|fedmsg/fedmsg/tests/test_certs/keys/ca.crt|2B666E
1342387404|Ralph|A|fedmsg/fedmsg/tests/test_certs/keys/ca.key|2B666E
1342387404|Ralph|A|fedmsg/fedmsg/tests/test_certs/keys/crl.pem|2B666E
1342387404|Ralph|A|fedmsg/fedmsg/tests/test_certs/keys/dummy-revoked.crt|2B666E
1342387404|Ralph|A|fedmsg/fedmsg/tests/test_certs/keys/dummy-revoked.csr|2B666E
1342387404|Ralph|A|fedmsg/fedmsg/tests/test_certs/keys/dummy-revoked.key|2B666E
1342387404|Ralph|A|fedmsg/fedmsg/tests/test_certs/keys/fas-fas01.dev.phx2.fedoraproject.org.crt|2B666E
1342387404|Ralph|A|fedmsg/fedmsg/tests/test_certs/keys/fas-fas01.dev.phx2.fedoraproject.org.csr|2B666E
1342387404|Ralph|A|fedmsg/fedmsg/tests/test_certs/keys/fas-fas01.dev.phx2.fedoraproject.org.key|2B666E
1342387404|Ralph|A|fedmsg/fedmsg/tests/test_certs/keys/fas-fas01.phx2.fedoraproject.org.crt|2B666E
1342387404|Ralph|A|fedmsg/fedmsg/tests/test_certs/keys/fas-fas01.phx2.fedoraproject.org.csr|2B666E
1342387404|Ralph|A|fedmsg/fedmsg/tests/test_certs/keys/fas-fas01.phx2.fedoraproject.org.key|2B666E
1342387404|Ralph|A|fedmsg/fedmsg/tests/test_certs/keys/fas-fas01.stg.phx2.fedoraproject.org.crt|2B666E
1342387404|Ralph|A|fedmsg/fedmsg/tests/test_certs/keys/fas-fas01.stg.phx2.fedoraproject.org.csr|2B666E
1342387404|Ralph|A|fedmsg/fedmsg/tests/test_certs/keys/fas-fas01.stg.phx2.fedoraproject.org.key|2B666E
1342387404|Ralph|A|fedmsg/fedmsg/tests/test_certs/keys/fedoratagger-packages01.phx2.fedoraproject.org.crt|2B666E
1342387404|Ralph|A|fedmsg/fedmsg/tests/test_certs/keys/fedoratagger-packages01.phx2.fedoraproject.org.csr|2B666E
1342387404|Ralph|A|fedmsg/fedmsg/tests/test_certs/keys/fedoratagger-packages01.phx2.fedoraproject.org.key|2B666E
1342387404|Ralph|A|fedmsg/fedmsg/tests/test_certs/keys/fedoratagger-packages01.stg.phx2.fedoraproject.org.crt|2B666E
1342387404|Ralph|A|fedmsg/fedmsg/tests/test_certs/keys/fedoratagger-packages01.stg.phx2.fedoraproject.org.csr|2B666E
1342387404|Ralph|A|fedmsg/fedmsg/tests/test_certs/keys/fedoratagger-packages01.stg.phx2.fedoraproject.org.key|2B666E
1342387404|Ralph|A|fedmsg/fedmsg/tests/test_certs/keys/fedoratagger-packages02.phx2.fedoraproject.org.crt|2B666E
1342387404|Ralph|A|fedmsg/fedmsg/tests/test_certs/keys/fedoratagger-packages02.phx2.fedoraproject.org.csr|2B666E
1342387404|Ralph|A|fedmsg/fedmsg/tests/test_certs/keys/fedoratagger-packages02.phx2.fedoraproject.org.key|2B666E
1342387404|Ralph|A|fedmsg/fedmsg/tests/test_certs/keys/index.txt|2B666E
1342387404|Ralph|A|fedmsg/fedmsg/tests/test_certs/keys/index.txt.attr|2B666E
1342387404|Ralph|A|fedmsg/fedmsg/tests/test_certs/keys/index.txt.attr.old|2B666E
1342387404|Ralph|A|fedmsg/fedmsg/tests/test_certs/keys/index.txt.old|2B666E
1342387404|Ralph|A|fedmsg/fedmsg/tests/test_certs/keys/mediawiki-app01.phx2.fedoraproject.org.crt|2B666E
1342387404|Ralph|A|fedmsg/fedmsg/tests/test_certs/keys/mediawiki-app01.phx2.fedoraproject.org.csr|2B666E
1342387404|Ralph|A|fedmsg/fedmsg/tests/test_certs/keys/mediawiki-app01.phx2.fedoraproject.org.key|2B666E
1342387404|Ralph|A|fedmsg/fedmsg/tests/test_certs/keys/mediawiki-app01.stg.phx2.fedoraproject.org.crt|2B666E
1342387404|Ralph|A|fedmsg/fedmsg/tests/test_certs/keys/mediawiki-app01.stg.phx2.fedoraproject.org.csr|2B666E
1342387404|Ralph|A|fedmsg/fedmsg/tests/test_certs/keys/mediawiki-app01.stg.phx2.fedoraproject.org.key|2B666E
1342387404|Ralph|A|fedmsg/fedmsg/tests/test_certs/keys/mediawiki-app02.phx2.fedoraproject.org.crt|2B666E
1342387404|Ralph|A|fedmsg/fedmsg/tests/test_certs/keys/mediawiki-app02.phx2.fedoraproject.org.csr|2B666E
1342387404|Ralph|A|fedmsg/fedmsg/tests/test_certs/keys/mediawiki-app02.phx2.fedoraproject.org.key|2B666E
1342387404|Ralph|A|fedmsg/fedmsg/tests/test_certs/keys/mediawiki-app02.stg.phx2.fedoraproject.org.crt|2B666E
1342387404|Ralph|A|fedmsg/fedmsg/tests/test_certs/keys/mediawiki-app02.stg.phx2.fedoraproject.org.csr|2B666E
1342387404|Ralph|A|fedmsg/fedmsg/tests/test_certs/keys/mediawiki-app02.stg.phx2.fedoraproject.org.key|2B666E
1342387404|Ralph|A|fedmsg/fedmsg/tests/test_certs/keys/mediawiki-app03.phx2.fedoraproject.org.crt|2B666E
1342387404|Ralph|A|fedmsg/fedmsg/tests/test_certs/keys/mediawiki-app03.phx2.fedoraproject.org.csr|2B666E
1342387404|Ralph|A|fedmsg/fedmsg/tests/test_certs/keys/mediawiki-app03.phx2.fedoraproject.org.key|2B666E
1342387404|Ralph|A|fedmsg/fedmsg/tests/test_certs/keys/mediawiki-app04.phx2.fedoraproject.org.crt|2B666E
1342387404|Ralph|A|fedmsg/fedmsg/tests/test_certs/keys/mediawiki-app04.phx2.fedoraproject.org.csr|2B666E
1342387404|Ralph|A|fedmsg/fedmsg/tests/test_certs/keys/mediawiki-app04.phx2.fedoraproject.org.key|2B666E
1342387404|Ralph|A|fedmsg/fedmsg/tests/test_certs/keys/mediawiki-app05.phx2.fedoraproject.org.crt|2B666E
1342387404|Ralph|A|fedmsg/fedmsg/tests/test_certs/keys/mediawiki-app05.phx2.fedoraproject.org.csr|2B666E
1342387404|Ralph|A|fedmsg/fedmsg/tests/test_certs/keys/mediawiki-app05.phx2.fedoraproject.org.key|2B666E
1342387404|Ralph|A|fedmsg/fedmsg/tests/test_certs/keys/mediawiki-app06.phx2.fedoraproject.org.crt|2B666E
1342387404|Ralph|A|fedmsg/fedmsg/tests/test_certs/keys/mediawiki-app06.phx2.fedoraproject.org.csr|2B666E
1342387404|Ralph|A|fedmsg/fedmsg/tests/test_certs/keys/mediawiki-app06.phx2.fedoraproject.org.key|2B666E
1342387404|Ralph|A|fedmsg/fedmsg/tests/test_certs/keys/mediawiki-app07.phx2.fedoraproject.org.crt|2B666E
1342387404|Ralph|A|fedmsg/fedmsg/tests/test_certs/keys/mediawiki-app07.phx2.fedoraproject.org.csr|2B666E
1342387404|Ralph|A|fedmsg/fedmsg/tests/test_certs/keys/mediawiki-app07.phx2.fedoraproject.org.key|2B666E
1342387404|Ralph|A|fedmsg/fedmsg/tests/test_certs/keys/revoke-test.pem|2B666E
1342387404|Ralph|A|fedmsg/fedmsg/tests/test_certs/keys/scm-pkgs01.phx2.fedoraproject.org.crt|2B666E
1342387404|Ralph|A|fedmsg/fedmsg/tests/test_certs/keys/scm-pkgs01.phx2.fedoraproject.org.csr|2B666E
1342387404|Ralph|A|fedmsg/fedmsg/tests/test_certs/keys/scm-pkgs01.phx2.fedoraproject.org.key|2B666E
1342387404|Ralph|A|fedmsg/fedmsg/tests/test_certs/keys/scm-pkgs01.stg.phx2.fedoraproject.org.crt|2B666E
1342387404|Ralph|A|fedmsg/fedmsg/tests/test_certs/keys/scm-pkgs01.stg.phx2.fedoraproject.org.csr|2B666E
1342387404|Ralph|A|fedmsg/fedmsg/tests/test_certs/keys/scm-pkgs01.stg.phx2.fedoraproject.org.key|2B666E
1342387404|Ralph|A|fedmsg/fedmsg/tests/test_certs/keys/serial|2B666E
1342387404|Ralph|A|fedmsg/fedmsg/tests/test_certs/keys/serial.old|2B666E
1342387404|Ralph|A|fedmsg/fedmsg/tests/test_certs/keys/server.crt|2B666E
1342387404|Ralph|A|fedmsg/fedmsg/tests/test_certs/keys/server.csr|2B666E
1342387404|Ralph|A|fedmsg/fedmsg/tests/test_certs/keys/server.key|2B666E
1342387404|Ralph|A|fedmsg/fedmsg/tests/test_certs/keys/shell-app01.phx2.fedoraproject.org.crt|2B666E
1342387404|Ralph|A|fedmsg/fedmsg/tests/test_certs/keys/shell-app01.phx2.fedoraproject.org.csr|2B666E
1342387404|Ralph|A|fedmsg/fedmsg/tests/test_certs/keys/shell-app01.phx2.fedoraproject.org.key|2B666E
1342387404|Ralph|A|fedmsg/fedmsg/tests/test_certs/keys/shell-app01.stg.phx2.fedoraproject.org.crt|2B666E
1342387404|Ralph|A|fedmsg/fedmsg/tests/test_certs/keys/shell-app01.stg.phx2.fedoraproject.org.csr|2B666E
1342387404|Ralph|A|fedmsg/fedmsg/tests/test_certs/keys/shell-app01.stg.phx2.fedoraproject.org.key|2B666E
1342387404|Ralph|A|fedmsg/fedmsg/tests/test_certs/keys/shell-app02.phx2.fedoraproject.org.crt|2B666E
1342387404|Ralph|A|fedmsg/fedmsg/tests/test_certs/keys/shell-app02.phx2.fedoraproject.org.csr|2B666E
1342387404|Ralph|A|fedmsg/fedmsg/tests/test_certs/keys/shell-app02.phx2.fedoraproject.org.key|2B666E
1342387404|Ralph|A|fedmsg/fedmsg/tests/test_certs/keys/shell-app02.stg.phx2.fedoraproject.org.crt|2B666E
1342387404|Ralph|A|fedmsg/fedmsg/tests/test_certs/keys/shell-app02.stg.phx2.fedoraproject.org.csr|2B666E
1342387404|Ralph|A|fedmsg/fedmsg/tests/test_certs/keys/shell-app02.stg.phx2.fedoraproject.org.key|2B666E
1342387404|Ralph|A|fedmsg/fedmsg/tests/test_certs/keys/shell-app03.phx2.fedoraproject.org.crt|2B666E
1342387404|Ralph|A|fedmsg/fedmsg/tests/test_certs/keys/shell-app03.phx2.fedoraproject.org.csr|2B666E
1342387404|Ralph|A|fedmsg/fedmsg/tests/test_certs/keys/shell-app03.phx2.fedoraproject.org.key|2B666E
1342387404|Ralph|A|fedmsg/fedmsg/tests/test_certs/keys/shell-app04.phx2.fedoraproject.org.crt|2B666E
1342387404|Ralph|A|fedmsg/fedmsg/tests/test_certs/keys/shell-app04.phx2.fedoraproject.org.csr|2B666E
1342387404|Ralph|A|fedmsg/fedmsg/tests/test_certs/keys/shell-app04.phx2.fedoraproject.org.key|2B666E
1342387404|Ralph|A|fedmsg/fedmsg/tests/test_certs/keys/shell-app05.phx2.fedoraproject.org.crt|2B666E
1342387404|Ralph|A|fedmsg/fedmsg/tests/test_certs/keys/shell-app05.phx2.fedoraproject.org.csr|2B666E
1342387404|Ralph|A|fedmsg/fedmsg/tests/test_certs/keys/shell-app05.phx2.fedoraproject.org.key|2B666E
1342387404|Ralph|A|fedmsg/fedmsg/tests/test_certs/keys/shell-app06.phx2.fedoraproject.org.crt|2B666E
1342387404|Ralph|A|fedmsg/fedmsg/tests/test_certs/keys/shell-app06.phx2.fedoraproject.org.csr|2B666E
1342387404|Ralph|A|fedmsg/fedmsg/tests/test_certs/keys/shell-app06.phx2.fedoraproject.org.key|2B666E
1342387404|Ralph|A|fedmsg/fedmsg/tests/test_certs/keys/shell-app07.phx2.fedoraproject.org.crt|2B666E
1342387404|Ralph|A|fedmsg/fedmsg/tests/test_certs/keys/shell-app07.phx2.fedoraproject.org.csr|2B666E
1342387404|Ralph|A|fedmsg/fedmsg/tests/test_certs/keys/shell-app07.phx2.fedoraproject.org.key|2B666E
1342387404|Ralph|A|fedmsg/fedmsg/tests/test_certs/keys/shell-fas01.dev.phx2.fedoraproject.org.crt|2B666E
1342387404|Ralph|A|fedmsg/fedmsg/tests/test_certs/keys/shell-fas01.dev.phx2.fedoraproject.org.csr|2B666E
1342387404|Ralph|A|fedmsg/fedmsg/tests/test_certs/keys/shell-fas01.dev.phx2.fedoraproject.org.key|2B666E
1342387404|Ralph|A|fedmsg/fedmsg/tests/test_certs/keys/shell-fas01.phx2.fedoraproject.org.crt|2B666E
1342387404|Ralph|A|fedmsg/fedmsg/tests/test_certs/keys/shell-fas01.phx2.fedoraproject.org.csr|2B666E
1342387404|Ralph|A|fedmsg/fedmsg/tests/test_certs/keys/shell-fas01.phx2.fedoraproject.org.key|2B666E
1342387404|Ralph|A|fedmsg/fedmsg/tests/test_certs/keys/shell-fas01.stg.phx2.fedoraproject.org.crt|2B666E
1342387404|Ralph|A|fedmsg/fedmsg/tests/test_certs/keys/shell-fas01.stg.phx2.fedoraproject.org.csr|2B666E
1342387404|Ralph|A|fedmsg/fedmsg/tests/test_certs/keys/shell-fas01.stg.phx2.fedoraproject.org.key|2B666E
1342387404|Ralph|A|fedmsg/fedmsg/tests/test_certs/keys/shell-packages01.phx2.fedoraproject.org.crt|2B666E
1342387404|Ralph|A|fedmsg/fedmsg/tests/test_certs/keys/shell-packages01.phx2.fedoraproject.org.csr|2B666E
1342387404|Ralph|A|fedmsg/fedmsg/tests/test_certs/keys/shell-packages01.phx2.fedoraproject.org.key|2B666E
1342387404|Ralph|A|fedmsg/fedmsg/tests/test_certs/keys/shell-packages01.stg.phx2.fedoraproject.org.crt|2B666E
1342387404|Ralph|A|fedmsg/fedmsg/tests/test_certs/keys/shell-packages01.stg.phx2.fedoraproject.org.csr|2B666E
1342387404|Ralph|A|fedmsg/fedmsg/tests/test_certs/keys/shell-packages01.stg.phx2.fedoraproject.org.key|2B666E
1342387404|Ralph|A|fedmsg/fedmsg/tests/test_certs/keys/shell-packages02.phx2.fedoraproject.org.crt|2B666E
1342387404|Ralph|A|fedmsg/fedmsg/tests/test_certs/keys/shell-packages02.phx2.fedoraproject.org.csr|2B666E
1342387404|Ralph|A|fedmsg/fedmsg/tests/test_certs/keys/shell-packages02.phx2.fedoraproject.org.key|2B666E
1342387404|Ralph|A|fedmsg/fedmsg/tests/test_certs/keys/shell-pkgs01.phx2.fedoraproject.org.crt|2B666E
1342387404|Ralph|A|fedmsg/fedmsg/tests/test_certs/keys/shell-pkgs01.phx2.fedoraproject.org.csr|2B666E
1342387404|Ralph|A|fedmsg/fedmsg/tests/test_certs/keys/shell-pkgs01.phx2.fedoraproject.org.key|2B666E
1342387404|Ralph|A|fedmsg/fedmsg/tests/test_certs/keys/shell-pkgs01.stg.phx2.fedoraproject.org.crt|2B666E
1342387404|Ralph|A|fedmsg/fedmsg/tests/test_certs/keys/shell-pkgs01.stg.phx2.fedoraproject.org.csr|2B666E
1342387404|Ralph|A|fedmsg/fedmsg/tests/test_certs/keys/shell-pkgs01.stg.phx2.fedoraproject.org.key|2B666E
1342387404|Ralph|A|fedmsg/fedmsg/tests/test_certs/list-crl|2B666E
1342387404|Ralph|A|fedmsg/fedmsg/tests/test_certs/openssl-0.9.6.cnf|2B666E
1342387404|Ralph|A|fedmsg/fedmsg/tests/test_certs/openssl-0.9.8.cnf|2B666E
1342387404|Ralph|A|fedmsg/fedmsg/tests/test_certs/openssl-1.0.0.cnf|2B666E
1342387404|Ralph|A|fedmsg/fedmsg/tests/test_certs/openssl-1.0.0.cnf-old-copy|2B666E
1342387404|Ralph|A|fedmsg/fedmsg/tests/test_certs/pkitool|2B666E
1342387404|Ralph|A|fedmsg/fedmsg/tests/test_certs/rebuild-all-fedmsg-certs|2B666E
1342387404|Ralph|A|fedmsg/fedmsg/tests/test_certs/revoke-full|2B666E
1342387404|Ralph|A|fedmsg/fedmsg/tests/test_certs/sign-req|2B666E
1342387404|Ralph|A|fedmsg/fedmsg/tests/test_certs/tmp/README|2B666E
1342387404|Ralph|A|fedmsg/fedmsg/tests/test_certs/tmp/build-ca|2B666E
1342387404|Ralph|A|fedmsg/fedmsg/tests/test_certs/tmp/build-dh|2B666E
1342387404|Ralph|A|fedmsg/fedmsg/tests/test_certs/tmp/build-inter|2B666E
1342387404|Ralph|A|fedmsg/fedmsg/tests/test_certs/tmp/build-key|2B666E
1342387404|Ralph|A|fedmsg/fedmsg/tests/test_certs/tmp/build-key-pass|2B666E
1342387404|Ralph|A|fedmsg/fedmsg/tests/test_certs/tmp/build-key-pkcs12|2B666E
1342387404|Ralph|A|fedmsg/fedmsg/tests/test_certs/tmp/build-key-server|2B666E
1342387404|Ralph|A|fedmsg/fedmsg/tests/test_certs/tmp/build-req|2B666E
1342387404|Ralph|A|fedmsg/fedmsg/tests/test_certs/tmp/build-req-pass|2B666E
1342387404|Ralph|A|fedmsg/fedmsg/tests/test_certs/tmp/clean-all|2B666E
1342387404|Ralph|A|fedmsg/fedmsg/tests/test_certs/tmp/file|2B666E
1342387404|Ralph|A|fedmsg/fedmsg/tests/test_certs/tmp/inherit-inter|2B666E
1342387404|Ralph|A|fedmsg/fedmsg/tests/test_certs/tmp/list-crl|2B666E
1342387404|Ralph|A|fedmsg/fedmsg/tests/test_certs/tmp/openssl-0.9.6.cnf|2B666E
1342387404|Ralph|A|fedmsg/fedmsg/tests/test_certs/tmp/openssl-1.0.0.cnf|2B666E
1342387404|Ralph|A|fedmsg/fedmsg/tests/test_certs/tmp/pkitool|2B666E
1342387404|Ralph|A|fedmsg/fedmsg/tests/test_certs/tmp/revoke-full|2B666E
1342387404|Ralph|A|fedmsg/fedmsg/tests/test_certs/tmp/sign-req|2B666E
1342387404|Ralph|A|fedmsg/fedmsg/tests/test_certs/tmp/vars|2B666E
1342387404|Ralph|A|fedmsg/fedmsg/tests/test_certs/tmp/whichopensslcnf|2B666E
1342387404|Ralph|A|fedmsg/fedmsg/tests/test_certs/vars|2B666E
1342387404|Ralph|M|fedmsg/fedmsg/tests/test_crypto.py|2B666E
1342388820|Ralph|M|fedmsg/fedmsg.d/ssl.py|2B666E
1342388833|Ralph|M|fedmsg/setup.py|2B666E
1342406183|Chris|A|backports/el6/xfsdump/xfsdump-3.1.0-2.el6.src.rpm|F0F0F0
1342406183|Chris|A|backports/el6/xfsdump/xfsdump-3.1.0-2.el6.x86_64.rpm|F0F0F0
1342406183|Chris|A|backports/el6/xfsdump/xfsdump-debuginfo-3.1.0-2.el6.x86_64.rpm|F0F0F0
1342463450|Ross|M|tahrir/setup.py|DCF383
1342463998|Ross|M|tahrir/development.ini|DCF383
1342464435|Ross|M|tahrir/tahrir/__init__.py|DCF383
1342467099|Ross|M|tahrir/tahrir/__init__.py|DCF383
1342467099|Ross|M|tahrir/tahrir/views.py|DCF383
1342467446|Ross|M|tahrir/tahrir/templates/login.mak|DCF383
1342467456|Nathaniel|M|remysmoke/setup.py|550960
1342467573|Ross|M|tahrir/tahrir/views.py|DCF383
1342467851|Ross|M|tahrir/development.ini|DCF383
1342468861|Ross|M|tahrir/tahrir/__init__.py|DCF383
1342469471|Ross|M|tahrir/tahrir/views.py|DCF383
1342472963|Nathaniel|M|remysmoke/remysmoke/controllers/root.py|550960
1342472963|Nathaniel|M|remysmoke/remysmoke/templates/stats.mak|550960
1342472981|Nathaniel|M|remysmoke/remysmoke/templates/stats.mak|550960
1342539062|Ross|M|tahrir/tahrir/views.py|DCF383
1342539538|Chris|M|python-pyudev-rpm/SPECS/python-pyudev.spec|662B6E
1342539538|Chris|A|python-pyudev-rpm/SRPMS/python-pyudev-0.15-2.fc17.src.rpm|662B6E
1342542954|Ross|M|tahrir/tahrir/views.py|DCF383
1342544937|Ralph|M|fedmsg/.gitignore|2B666E
1342544937|Ralph|M|fedmsg/doc/conf.py|2B666E
1342544937|Ralph|M|fedmsg/doc/index.rst|2B666E
1342545198|Ralph|A|fedmsg/doc/crypto.rst|2B666E
1342547665|Ross|M|tahrir-api/tahrir_api/dbapi.py|BFE626
1342547793|Ross|M|tahrir-api/setup.py|BFE626
1342550019|Ross|M|tahrir-api/tahrir_api/model.py|BFE626
1342550519|Ross|M|tahrir-api/tahrir_api/dbapi.py|BFE626
1342550580|Ross|M|tahrir-api/setup.py|BFE626
1342551142|Chris|A|SuperParamiko/.gitignore|BE6FC9
1342551159|Chris|M|SuperParamiko/SuperParamiko/__init__.py|BE6FC9
1342554446|Ross|M|tahrir-api/tahrir_api/dbapi.py|BFE626
1342555916|Ralph|M|fedmsg/doc/proposal.rst|2B666E
1342555916|Ralph|M|fedmsg/fedmsg/commands/config.py|2B666E
1342555916|Ralph|M|fedmsg/fedmsg/commands/logger.py|2B666E
1342555916|Ralph|M|fedmsg/fedmsg/commands/tail.py|2B666E
1342555916|Ralph|M|fedmsg/fedmsg/config.py|2B666E
1342555916|Ralph|M|fedmsg/fedmsg/consumers/ircbot.py|2B666E
1342555916|Ralph|M|fedmsg/fedmsg/consumers/relay.py|2B666E
1342555916|Ralph|M|fedmsg/fedmsg/core.py|2B666E
1342555916|Ralph|M|fedmsg/fedmsg/crypto.py|2B666E
1342555916|Ralph|A|fedmsg/fedmsg/encoding.py|2B666E
1342555916|Ralph|D|fedmsg/fedmsg/json.py|2B666E
1342555916|Ralph|M|fedmsg/fedmsg/producers/heartbeat.py|2B666E
1342555916|Ralph|M|fedmsg/fedmsg/tests/test_hub.py|2B666E
1342555916|Ralph|M|fedmsg/setup.py|2B666E
1342556604|Ralph|M|fedmsg/setup.py|2B666E
1342562541|Ross|M|tahrir-api/tahrir_api/model.py|BFE626
1342563838|Nathaniel|M|remysmoke/remysmoke/templates/master.mak|550960
1342563895|Nathaniel|M|remysmoke/remysmoke/controllers/root.py|550960
1342564103|Ross|M|tahrir-api/tahrir_api/model.py|BFE626
1342564176|Nathaniel|M|remysmoke/remysmoke/controllers/root.py|550960
1342564218|Nathaniel|M|remysmoke/remysmoke/controllers/root.py|550960
1342564262|Nathaniel|M|remysmoke/remysmoke/controllers/root.py|550960
1342564294|Nathaniel|M|remysmoke/remysmoke/tests/functional/test_root.py|550960
1342564357|Nathaniel|M|remysmoke/remysmoke/controllers/error.py|550960
1342564891|Ross|M|tahrir-api/tahrir_api/model.py|BFE626
1342564932|Ross|M|tahrir-api/setup.py|BFE626
1342566278|Ross|M|tahrir/tahrir/views.py|DCF383
1342634156|Nathaniel|M|remysmoke/remysmoke/controllers/root.py|550960
1342634156|Nathaniel|M|remysmoke/remysmoke/templates/stats.mak|550960
1342643478|Remy|A|tahrir/tahrir/static/img/404.png|DCF383
1342643478|Remy|A|tahrir/tahrir/static/img/404.svg|DCF383
1342643644|Remy|A|tahrir/tahrir/static/img/500.png|DCF383
1342643644|Remy|A|tahrir/tahrir/static/img/500.svg|DCF383
1342644711|Ross|A|tahrir/tahrir/templates/404.mak|DCF383
1342644861|Ross|M|tahrir/tahrir/views.py|DCF383
1342710494|Ross|M|tahrir/tahrir/app.py|DCF383
1342711026|Ross|M|tahrir/tahrir/views.py|DCF383
1342711312|Ross|M|tahrir/tahrir/views.py|DCF383
1342712348|Ross|M|tahrir/tahrir/templates/404.mak|DCF383
1342712797|Nathaniel|M|groovebot/api/libspotify.py|F03728
1342712906|Ross|M|tahrir/tahrir/templates/404.mak|DCF383
1342712959|Nathaniel|M|groovebot/MergeBot.py|F03728
1342713356|Ross|M|tahrir/tahrir/templates/404.mak|DCF383
1342714033|Ross|M|tahrir/tahrir/templates/404.mak|DCF383
1342714677|Remy|M|tahrir/tahrir/static/img/404.png|DCF383
1342714677|Remy|M|tahrir/tahrir/static/img/404.svg|DCF383
1342714677|Remy|M|tahrir/tahrir/static/img/500.png|DCF383
1342714677|Remy|M|tahrir/tahrir/static/img/500.svg|DCF383
1342720709|Chris|M|tahrir/tahrir/templates/index.mak|DCF383
1342724048|Ross|M|tahrir/tahrir/views.py|DCF383
1342724144|Ross|A|tahrir/tahrir/templates/500.mak|DCF383
1342725092|Ross|M|tahrir/tahrir/views.py|DCF383
1342726814|Chris|M|tahrir/tahrir/templates/404.mak|DCF383
1342726814|Chris|M|tahrir/tahrir/templates/500.mak|DCF383
1343055020|Ross|A|HxIRC/setup.py|9C170D
1343055035|Ross|A|HxIRC/hxirc/main.py|9C170D
1343059756|Ross|M|HxIRC/hxirc/main.py|9C170D
1343059796|Ross|A|HxIRC/hxircd.conf|9C170D
1343060360|Ross|A|HxIRC/hxirc/config.py|9C170D
1343060360|Ross|A|HxIRC/hxirc/irc.py|9C170D
1343060360|Ross|M|HxIRC/hxirc/main.py|9C170D
1343060360|Ross|M|HxIRC/setup.py|9C170D
1343061252|Ross|M|HxIRC/hxirc/main.py|9C170D
1343062166|Ross|M|HxIRC/hxircd.conf|9C170D
1343065023|Ross|M|tahrir-api/setup.py|BFE626
1343066299|Ross|M|tahrir/setup.py|DCF383
1343066410|Ross|M|tahrir/development.ini|DCF383
1343071525|Ross|M|HxIRC/hxirc/irc.py|9C170D
1343072361|Ross|A|HxIRC/config/hxircd.conf|9C170D
1343072390|Ross|M|HxIRC/setup.py|9C170D
1343141974|Ross|M|HxIRC/setup.py|9C170D
1343142118|Ross|A|HxIRC/hxirc/__init__.py|9C170D
1343142118|Ross|D|HxIRC/hxirc/main.py|9C170D
1343142182|Ross|M|HxIRC/setup.py|9C170D
1343143122|Ross|M|HxIRC/config/hxircd.conf|9C170D
1343143272|Ross|M|HxIRC/config/hxircd.conf|9C170D
1343144397|David|M|tahrir/tahrir/views.py|DCF383
1343144905|Ross|M|HxIRC/config/hxircd.conf|9C170D
1343144905|Ross|M|HxIRC/hxirc/__init__.py|9C170D
1343144905|Ross|M|HxIRC/hxirc/config.py|9C170D
1343155902|Nathaniel|M|remysmoke/remysmoke/public/images/headerbg.png|550960
1343155902|Nathaniel|M|remysmoke/remysmoke/templates/master.mak|550960
1343156518|Ross|A|HxIRC/hxirc/modules/__init__.py|9C170D
1343158034|Ross|M|HxIRC/hxirc/modules/__init__.py|9C170D
1343158198|Ross|A|HxIRC/hxirc/modules/core.py|9C170D
1343158830|Ross|M|HxIRC/hxirc/irc.py|9C170D
1343158896|Ross|M|HxIRC/config/hxircd.conf|9C170D
1343158948|Ross|M|HxIRC/setup.py|9C170D
1343159006|Ross|M|HxIRC/hxirc/modules/core.py|9C170D
1343159422|Ross|M|HxIRC/hxirc/irc.py|9C170D
1343159463|Ross|A|HxIRC/hxirc/modules/debug.py|9C170D
1343159579|Ross|M|HxIRC/config/hxircd.conf|9C170D
1343159777|Ross|M|HxIRC/hxirc/modules/debug.py|9C170D
1343159818|Ross|M|HxIRC/hxirc/modules/debug.py|9C170D
1343164442|Nathaniel|M|remysmoke/remysmoke/public/images/headerbg.png|550960
1343166669|Ross|M|HxIRC/hxirc/irc.py|9C170D
1343167190|Ross|M|HxIRC/hxirc/config.py|9C170D
1343167190|Ross|M|HxIRC/hxirc/irc.py|9C170D
1343167190|Ross|M|HxIRC/hxirc/modules/__init__.py|9C170D
1343181513|Ross|M|HxIRC/hxirc/irc.py|9C170D
1343181513|Ross|A|HxIRC/hxirc/model.py|9C170D
1343181513|Ross|M|HxIRC/hxirc/modules/core.py|9C170D
1343181746|Ross|D|HxIRC/hxirc/modules/core.py|9C170D
1343181746|Ross|A|HxIRC/hxirc/modules/core/__init__.py|9C170D
1343181746|Ross|A|HxIRC/hxirc/modules/core/model.py|9C170D
1343181746|Ross|A|HxIRC/hxirc/modules/core/numerics.py|9C170D
1343181817|Ross|A|HxIRC/hxirc/modules/core/responses.py|9C170D
1343181971|Ross|M|HxIRC/hxirc/modules/__init__.py|9C170D
1343183925|Ross|D|HxIRC/hxirc/model.py|9C170D
1343183925|Ross|M|HxIRC/hxirc/modules/__init__.py|9C170D
1343183925|Ross|M|HxIRC/hxirc/modules/core/__init__.py|9C170D
1343183995|Ross|M|HxIRC/hxirc/modules/__init__.py|9C170D
1343184111|Ross|M|HxIRC/setup.py|9C170D
1343184184|Ross|D|HxIRC/hxircd.conf|9C170D
1343184546|Ross|A|HxIRC/README.rst|9C170D
1343214132|Chris|A|web-comic-ebook-export/reorder.hs|F0F0F0
1343214701|Chris|M|web-comic-ebook-export/reorder.hs|F0F0F0
1343223633|Ross|A|HxIRC/.gitignore|9C170D
1343264926|Chris|M|web-comic-ebook-export/reorder.hs|F0F0F0
1343270102|Chris|M|web-comic-ebook-export/reorder.hs|F0F0F0
1343274274|Chris|M|web-comic-ebook-export/reorder.hs|F0F0F0
1343274509|Chris|D|web-comic-ebook-export/reorder.hs|F0F0F0
1343274509|Chris|A|web-comic-ebook-export/web2ebook.hs|F0F0F0
1343316299|Nathaniel|M|groovebot/api/libspotify.py|F03728
1343316388|Nathaniel|M|groovebot/api/libspotify.py|F03728
1343317203|Nathaniel|M|groovebot/api/libspotify.py|F03728
1343320920|Nathaniel|M|groovebot/api/libspotify.py|F03728
1343322062|Nathaniel|M|groovebot/api/libspotify.py|F03728
1343322106|Nathaniel|M|groovebot/api/libspotify.py|F03728
1343395841|Ross|M|misc/bin/static_serv.py|BA4EC9
1343498506|Rossdylan|A|catfacts/setup.py|77DB88
1343498738|Rossdylan|A|catfacts/config/catfacts.yml|77DB88
1343498755|Rossdylan|A|catfacts/catfacts/__init__.py|77DB88
1343500773|Rossdylan|M|catfacts/catfacts/__init__.py|77DB88
1343500773|Rossdylan|M|catfacts/setup.py|77DB88
1343501028|Rossdylan|M|catfacts/config/catfacts.yml|77DB88
1343501654|Rossdylan|M|catfacts/catfacts/__init__.py|77DB88
1343502018|David|A|catfacts/.gitignore|77DB88
1343502793|Rossdylan|M|catfacts/catfacts/__init__.py|77DB88
1343503309|Remy|M|catfacts/config/catfacts.yml|77DB88
1343503329|David|A|catfacts/catfacts/forms.py|77DB88
1343503329|David|M|catfacts/setup.py|77DB88
1343503338|Rossdylan|M|catfacts/setup.py|77DB88
1343504083|Rossdylan|M|catfacts/catfacts/__init__.py|77DB88
1343506404|David|M|catfacts/setup.py|77DB88
1343506550|David|M|catfacts/setup.py|77DB88
1343507137|David|M|catfacts/catfacts/__init__.py|77DB88
1343507137|David|M|catfacts/catfacts/forms.py|77DB88
1343507879|David|M|catfacts/setup.py|77DB88
1343508182|David|M|catfacts/catfacts/__init__.py|77DB88
1343508591|David|M|catfacts/.gitignore|77DB88
1343508591|David|M|catfacts/config/catfacts.yml|77DB88
1343508591|David|M|catfacts/setup.py|77DB88
1343511263|David|M|catfacts/catfacts/__init__.py|77DB88
1343511263|David|D|catfacts/catfacts/forms.py|77DB88
1343511263|David|A|catfacts/catfacts/templates/index.html|77DB88
1343511263|David|M|catfacts/setup.py|77DB88
1343512165|Rossdylan|M|catfacts/catfacts/__init__.py|77DB88
1343512637|David|M|catfacts/catfacts/templates/index.html|77DB88
1343512881|Remy|M|catfacts/catfacts/__init__.py|77DB88
1343513034|Remy|M|catfacts/setup.py|77DB88
1343513053|Rossdylan|M|catfacts/catfacts/__init__.py|77DB88
1343518355|David|M|catfacts/catfacts/__init__.py|77DB88
1343518355|David|M|catfacts/catfacts/templates/index.html|77DB88
1343518355|David|M|catfacts/config/catfacts.yml|77DB88
1343518753|Rossdylan|M|catfacts/catfacts/__init__.py|77DB88
1343521700|David|M|catfacts/catfacts/__init__.py|77DB88
1343521700|David|A|catfacts/catfacts/static/catfacts.css|77DB88
1343521700|David|M|catfacts/catfacts/templates/index.html|77DB88
1343521748|Rossdylan|M|catfacts/catfacts/__init__.py|77DB88
1343521748|Rossdylan|M|catfacts/setup.py|77DB88
1343521791|David|M|catfacts/catfacts/__init__.py|77DB88
1343522013|Nathaniel|A|catfacts/catfacts/catcron.py|77DB88
1343522438|Rossdylan|M|catfacts/catfacts/__init__.py|77DB88
1343662338|Rossdylan|M|catfacts/catfacts/__init__.py|77DB88
1343670458|Rossdylan|M|catfacts/catfacts/__init__.py|77DB88
1343670468|Rossdylan|D|catfacts/catfacts/catcron.py|77DB88
1343678071|Rossdylan|M|catfacts/catfacts/__init__.py|77DB88
1343678584|Rossdylan|M|catfacts/catfacts/__init__.py|77DB88
1343678620|Rossdylan|A|catfacts/development.ini|77DB88
1343678639|Rossdylan|D|catfacts/config/catfacts.yml|77DB88
1343678730|Rossdylan|M|catfacts/catfacts/__init__.py|77DB88
1343679479|Rossdylan|A|catfacts/README.rst|77DB88
1343684281|Rossdylan|M|catfacts/catfacts/__init__.py|77DB88
1343707245|Nathaniel|A|KickTracker/pyKickTracker.py|0A771D
1343743671|Rossdylan|M|catfacts/catfacts/__init__.py|77DB88
1343745932|Nathaniel|M|KickTracker/pyKickTracker.py|0A771D
1343745962|Nathaniel|M|KickTracker/pyKickTracker.py|0A771D
1343746428|Rossdylan|M|catfacts/catfacts/__init__.py|77DB88
1343746428|Rossdylan|M|catfacts/development.ini|77DB88
1343747807|Rossdylan|M|catfacts/catfacts/__init__.py|77DB88
1343749265|Nathaniel|M|KickTracker/pyKickTracker.py|0A771D
1343749305|Nathaniel|M|KickTracker/pyKickTracker.py|0A771D
1343750536|Nathaniel|M|groovebot/util.py|F03728
1343757359|Nathaniel|M|KickTracker/pyKickTracker.py|0A771D
1343766459|Nathaniel|M|mail_scrape/read.py|1FB839
1343766574|Nathaniel|M|mail_scrape/read.py|1FB839
1343770426|Nathaniel|M|mail_scrape/read.py|1FB839
1343770541|Nathaniel|M|mail_scrape/read.py|1FB839
1343770578|Nathaniel|M|mail_scrape/read.py|1FB839
1343770598|Nathaniel|M|mail_scrape/read.py|1FB839
1343782475|Nathaniel|M|KickTracker/pyKickTracker.py|0A771D
1343782505|Nathaniel|M|KickTracker/pyKickTracker.py|0A771D
1343836927|Nathaniel|M|groovebot/MergeBot.py|F03728
1343836991|Nathaniel|M|groovebot/api/libspotify.py|F03728
1343837050|Nathaniel|M|groovebot/MergeBot.py|F03728
1343837050|Nathaniel|D|groovebot/api/mpd.py|F03728
1343837050|Nathaniel|A|groovebot/api/mpd_wrapper.py|F03728
1343838115|Ross|M|Helixode-SD/hxsd.py|9C170D
1343838115|Ross|M|Helixode-SD/setup.py|9C170D
1343838663|Ross|D|Helixode-SD/hxsd.py|9C170D
1343838663|Ross|A|Helixode-SD/hxsd/__init__.py|9C170D
1343838791|Ross|M|Helixode-SD/setup.py|9C170D
1343842388|Nathaniel|A|mail_scrape/README.rst|1FB839
1343849445|Fab|M|Helixode-SD/hxsd/__init__.py|9C170D
1343849461|Fab|M|Helixode-SD/hxsd/__init__.py|9C170D
1343849555|Fab|A|Helixode-SD/hxsd/__main__.py|9C170D
1343849939|Fab|M|Helixode-SD/hxsd/__init__.py|9C170D
1343850182|Fab|M|Helixode-SD/hxsd/__init__.py|9C170D
1343850824|Nathaniel|A|knowledge/knowledge/__init__.py|52DB6A
1343850824|Nathaniel|A|knowledge/knowledge/__init__.pyc|52DB6A
1343850824|Nathaniel|A|knowledge/knowledge/model/__init__.py|52DB6A
1343850824|Nathaniel|A|knowledge/knowledge/model/model.py|52DB6A
1343850824|Nathaniel|A|knowledge/knowledge/model/vertical/__init__.py|52DB6A
1343850824|Nathaniel|A|knowledge/knowledge/model/vertical/__init__.pyc|52DB6A
1343850824|Nathaniel|A|knowledge/knowledge/model/vertical/dictlike.py|52DB6A
1343850824|Nathaniel|A|knowledge/knowledge/model/vertical/dictlike.pyc|52DB6A
1343850824|Nathaniel|A|knowledge/knowledge/model/vertical/polymorphic.py|52DB6A
1343850824|Nathaniel|A|knowledge/knowledge/model/vertical/polymorphic.pyc|52DB6A
1343850824|Nathaniel|A|knowledge/setup.py|52DB6A
1343856376|Nathaniel|M|groovebot/api/libspotify.py|F03728
1343920075|Nathaniel|M|KickTracker/pyKickTracker.py|0A771D
1343920167|Nathaniel|M|KickTracker/pyKickTracker.py|0A771D
1343920213|Nathaniel|M|KickTracker/pyKickTracker.py|0A771D
1343920256|Nathaniel|M|KickTracker/pyKickTracker.py|0A771D
1343920292|Nathaniel|M|KickTracker/pyKickTracker.py|0A771D
1343922240|Nathaniel|M|KickTracker/pyKickTracker.py|0A771D
1343926297|Nathaniel|M|groovebot/api/libspotify.py|F03728
1343927039|Nathaniel|M|groovebot/api/libspotify.py|F03728
1344282701|Nathaniel|M|monroe-elections/css/bean.css|348A43
1344282701|Nathaniel|M|monroe-elections/index.html|348A43
1344282701|Nathaniel|M|monroe-elections/js/election.js|348A43
1344282701|Nathaniel|D|monroe-elections/js/jquery.progressbar.js|348A43
1344282701|Nathaniel|D|monroe-elections/js/jquery.progressbar.min.js|348A43
1344282701|Nathaniel|M|monroe-elections/view.py|348A43
1344282791|Nathaniel|M|monroe-elections/css/bean.css|348A43
1344282791|Nathaniel|D|monroe-elections/style/main.css|348A43
1344282807|Nathaniel|M|monroe-elections/js/election.js|348A43
1344286383|Nathaniel|M|monroe-elections/css/bean.css|348A43
1344286582|Nathaniel|M|monroe-elections/css/bean.css|348A43
1344287340|Nathaniel|M|monroe-elections/css/bean.css|348A43
1344289643|Nathaniel|M|monroe-elections/css/bean.css|348A43
1344347745|Nathaniel|A|knowledge/README.rst|52DB6A
1344352683|Chris|A|mobile-webnews/.gitignore|F8BC86
1344352683|Chris|A|mobile-webnews/buttons.html|F8BC86
1344352683|Chris|A|mobile-webnews/forms.html|F8BC86
1344352683|Chris|A|mobile-webnews/index.html|F8BC86
1344352683|Chris|A|mobile-webnews/jQuery-Mobile-Bootstrap-Theme|F8BC86
1344352683|Chris|A|mobile-webnews/listviews.html|F8BC86
1344352683|Chris|A|mobile-webnews/nav.html|F8BC86
1344352683|Chris|A|mobile-webnews/readme.md|F8BC86
1344352683|Chris|A|mobile-webnews/themes/Bootstrap.css|F8BC86
1344352683|Chris|A|mobile-webnews/themes/Bootstrap.min.css|F8BC86
1344352683|Chris|A|mobile-webnews/themes/font/fontawesome-webfont.eot|F8BC86
1344352683|Chris|A|mobile-webnews/themes/font/fontawesome-webfont.svg|F8BC86
1344352683|Chris|A|mobile-webnews/themes/font/fontawesome-webfont.svgz|F8BC86
1344352683|Chris|A|mobile-webnews/themes/font/fontawesome-webfont.ttf|F8BC86
1344352683|Chris|A|mobile-webnews/themes/font/fontawesome-webfont.woff|F8BC86
1344352683|Chris|A|mobile-webnews/themes/images/ajax-loader.png|F8BC86
1344352683|Chris|A|mobile-webnews/themes/images/icons-18-black.png|F8BC86
1344352683|Chris|A|mobile-webnews/themes/images/icons-18-white.png|F8BC86
1344352683|Chris|A|mobile-webnews/themes/images/icons-36-black.png|F8BC86
1344352683|Chris|A|mobile-webnews/themes/images/icons-36-white.png|F8BC86
1344352683|Chris|A|mobile-webnews/themes/jqm-icon-pack-1.1.1-fa.css|F8BC86
1344352838|Chris|D|mobile-webnews/buttons.html|F8BC86
1344352838|Chris|D|mobile-webnews/forms.html|F8BC86
1344352838|Chris|D|mobile-webnews/index.html|F8BC86
1344352838|Chris|A|mobile-webnews/jquery-mobile-bootstrap-examples/buttons.html|F8BC86
1344352838|Chris|A|mobile-webnews/jquery-mobile-bootstrap-examples/forms.html|F8BC86
1344352838|Chris|A|mobile-webnews/jquery-mobile-bootstrap-examples/index.html|F8BC86
1344352838|Chris|A|mobile-webnews/jquery-mobile-bootstrap-examples/listviews.html|F8BC86
1344352838|Chris|A|mobile-webnews/jquery-mobile-bootstrap-examples/nav.html|F8BC86
1344352838|Chris|D|mobile-webnews/listviews.html|F8BC86
1344352838|Chris|D|mobile-webnews/nav.html|F8BC86
1344352838|Chris|D|mobile-webnews/readme.md|F8BC86
1344352853|Chris|A|mobile-webnews/jquery-1.7.2.min.js|F8BC86
1344352853|Chris|A|mobile-webnews/jquery.mobile-1.1.1.min.js|F8BC86
1344352853|Chris|A|mobile-webnews/jquery.mobile.structure-1.1.1.min.css|F8BC86
1344353082|Chris|A|mobile-webnews/WebNewsAPI.hs|F8BC86
1344353082|Chris|A|mobile-webnews/WebNewsAPITypes.hs|F8BC86
1344353082|Chris|A|mobile-webnews/header.template|F8BC86
1344353082|Chris|A|mobile-webnews/mockups/newsgroups.html|F8BC86
1344353082|Chris|A|mobile-webnews/newsgroups.template|F8BC86
1344353082|Chris|A|mobile-webnews/testTemplating.hs|F8BC86
1344353082|Chris|A|mobile-webnews/webnews.hs|F8BC86
1344353189|Chris|D|mobile-webnews/jQuery-Mobile-Bootstrap-Theme|F8BC86
1344353748|Nathaniel|M|KickTracker/pyKickTracker.py|0A771D
1344368434|Nathaniel|M|monroe-elections/election.py|348A43
1344369317|Nathaniel|M|monroe-elections/election.py|348A43
1344373967|Chris|M|mobile-webnews/WebNewsAPI.hs|F8BC86
1344373967|Chris|M|mobile-webnews/WebNewsAPITypes.hs|F8BC86
1344379270|Nathaniel|M|monroe-elections/election.py|348A43
1344379564|Nathaniel|M|monroe-elections/election.py|348A43
1344379601|Nathaniel|M|monroe-elections/election.py|348A43
1344379994|Nathaniel|M|monroe-elections/.gitmodules|348A43
1344379994|Nathaniel|D|monroe-elections/ExampleElectionEvent.xml|348A43
1344379994|Nathaniel|M|monroe-elections/election.py|348A43
1344383748|Nathaniel|M|groovebot/MergeBot.py|F03728
